183
185
188
188
187
185
183
182
181
182
183
184
184
185
183
181
182
184
188
188
188
187
185
183
182
182
184
184
185
186
184
183
183
184
187
189
190
189
188
185
183
182
184
184
185
187
186
185
184
184
185
188
190
191
189
187
185
184
183
184
184
185
187
186
184
183
184
186
188
190
190
188
186
184
183
183
183
184
186
186
185
184
182
184
187
189
190
189
188
184
183
182
183
184
184
185
185
184
182
183
184
188
189
191
189
188
185
184
184
184
185
186
187
186
184
183
184
187
188
191
190
189
187
185
184
184
184
185
186
188
186
184
184
184
188
190
191
191
188
187
184
184
184
185
186
187
187
185
184
184
186
188
191
192
190
188
186
184
184
184
185
187
188
188
186
184
185
188
190
192
192
190
188
186
184
184
185
186
188
188
187
185
184
186
188
191
192
191
189
187
185
184
185
185
187
188
188
187
184
185
188
190
192
193
192
190
188
185
185
186
186
188
188
188
187
185
185
188
191
192
192
191
188
187
186
187
187
188
189
190
189
187
186
188
190
192
193
192
191
188
186
185
186
187
188
188
189
187
185
186
188
190
192
193
192
189
187
186
186
186
187
188
189
188
187
185
186
188
192
193
192
191
188
187
186
185
186
187
188
188
188
186
184
185
188
191
192
192
189
187
184
184
184
185
186
187
186
185
183
184
185
188
190
191
190
188
185
184
184
184
185
186
187
187
185
184
184
187
189
191
191
190
188
185
184
184
184
185
187
188
187
184
184
185
187
190
191
191
188
187
185
184
184
185
186
188
188
186
184
184
185
188
191
192
190
188
186
184
184
184
185
186
188
186
184
183
184
186
189
190
191
189
188
185
184
184
185
185
187
187
186
184
184
185
187
190
191
190
188
186
184
184
184
185
185
187
187
186
184
184
186
189
191
192
190
188
187
184
184
184
185
187
187
187
184
184
184
187
190
192
192
190
188
186
184
184
185
185
186
188
186
184
184
185
188
191
192
191
188
187
184
184
184
184
185
186
186
184
183
183
185
188
190
190
189
187
185
184
183
184
184
184
186
185
184
182
183
185
188
189
189
188
186
184
183
183
183
184
184
185
184
182
181
184
186
188
189
189
188
185
184
182
183
184
184
185
185
184
182
182
184
187
189
189
188
186
184
182
182
183
184
184
185
185
183
182
184
186
189
191
190
188
187
184
184
184
184
185
187
188
186
184
183
184
186
188
188
188
187
184
182
181
180
181
182
184
184
182
180
180
182
184
186
187
186
184
182
180
180
180
182
183
184
184
182
180
181
184
186
188
188
186
184
182
181
182
182
183
184
185
184
182
181
183
185
188
189
188
188
184
183
182
183
184
184
186
186
185
183
183
185
188
189
190
188
186
184
183
183
184
185
186
187
186
184
183
184
186
188
190
190
188
186
184
184
184
184
185
186
187
186
184
184
184
188
190
191
190
188
186
184
183
184
185
186
188
188
187
185
185
188
189
192
192
191
188
186
184
184
185
185
188
188
188
187
184
185
188
191
192
192
190
188
185
184
185
185
187
188
188
188
185
184
186
188
191
192
191
189
186
185
184
185
187
188
189
190
188
186
186
188
192
193
193
192
190
187
186
186
187
188
189
190
190
188
186
187
189
192
192
192
191
188
186
185
186
186
188
188
189
188
186
185
187
188
191
192
191
189
187
185
184
185
186
188
188
189
188
186
185
188
189
192
192
191
188
187
184
184
186
187
188
190
190
188
186
187
190
192
193
193
192
188
187
187
186
188
188
190
191
191
188
188
188
191
193
193
192
191
188
186
186
187
188
189
191
192
190
188
188
190
192
195
195
193
191
188
187
187
188
188
190
192
192
190
188
188
191
193
194
194
192
189
188
188
188
188
190
192
192
191
188
188
189
192
193
194
193
191
189
187
187
188
188
189
191
192
189
188
188
189
192
193
194
193
191
188
187
187
188
189
191
192
192
192
189
190
193
194
195
195
193
191
189
188
188
189
190
192
192
192
190
188
190
192
194
196
194
192
190
188
187
188
189
190
192
192
191
188
188
189
192
193
194
192
190
188
187
186
188
188
190
192
191
189
188
188
191
193
194
194
192
189
188
187
187
188
188
191
192
191
188
188
189
192
194
195
194
192
189
188
188
189
190
192
194
195
193
192
191
192
195
196
196
195
192
190
189
188
189
190
192
194
193
192
190
190
192
196
196
196
194
192
190
189
191
192
195
197
199
199
197
196
196
200
202
203
203
200
198
196
195
195
196
196
197
198
196
193
193
195
197
199
200
198
196
194
192
192
193
193
195
196
196
193
192
193
195
197
198
197
196
193
191
190
190
190
190
192
192
192
189
188
189
192
194
196
194
193
190
188
188
188
189
191
192
192
191
189
189
190
191
191
189
187
185
184
183
184
184
184
185
186
185
183
181
182
184
187
188
188
186
183
181
180
179
180
182
186
189
191
192
190
189
190
190
188
187
184
183
181
180
177
176
176
176
176
175
174
175
179
182
186
188
188
187
185
184
182
183
184
185
188
188
191
198
204
209
212
216
216
214
212
209
207
204
202
200
198
196
195
192
193
196
200
201
203
201
199
196
194
193
194
196
198
200
202
201
200
199
200
202
202
200
198
197
198
201
206
211
213
216
217
216
213
212
209
209
207
208
211
215
217
217
219
220
219
216
216
216
215
213
216
219
222
222
223
222
222
223
225
228
228
227
224
221
220
219
217
217
218
219
218
216
213
212
210
208
205
208
212
216
217
215
214
214
215
216
214
212
213
212
210
212
213
216
220
225
233
242
256
266
268
267
267
268
275
281
288
292
296
296
295
294
291
289
293
299
297
296
299
305
312
320
326
328
325
321
319
319
319
320
324
332
338
340
336
335
334
332
329
327
324
322
320
339
382
424
455
473
480
479
473
472
476
475
473
488
503
506
505
505
522
544
555
554
548
543
543
552
568
579
577
572
565
559
552
546
558
582
600
603
601
595
593
598
605
610
609
605
616
632
639
633
626
628
628
620
616
624
628
626
620
614
607
600
593
587
580
572
565
559
552
548
549
555
557
556
550
543
538
536
534
535
533
528
530
548
565
578
585
586
580
578
582
589
592
592
588
583
576
568
561
555
552
560
566
569
572
576
575
571
564
563
564
564
562
556
548
542
539
537
536
532
528
524
524
524
524
523
519
514
516
513
516
522
522
519
514
516
522
524
524
521
515
515
516
520
523
522
516
511
505
500
496
494
495
502
511
517
517
516
515
513
509
508
512
511
506
500
494
488
488
492
496
499
494
492
501
508
508
511
545
584
601
596
591
587
592
603
616
620
614
606
600
596
594
588
583
581
580
574
566
559
552
548
542
535
528
522
516
512
510
506
504
499
492
486
480
478
479
482
487
491
495
496
499
498
492
490
488
484
478
475
472
468
467
464
460
454
452
453
453
450
445
442
437
432
428
425
422
416
412
407
404
402
401
401
408
416
420
420
416
410
406
405
404
402
396
395
390
388
387
389
406
428
446
456
456
451
450
454
461
465
468
467
463
457
451
445
439
434
430
424
420
418
413
408
408
409
406
404
404
404
400
396
392
388
383
380
379
376
372
372
371
370
368
364
359
356
352
348
345
344
344
344
342
340
335
332
329
329
328
324
320
317
314
312
311
312
312
312
314
313
309
306
305
305
306
306
304
301
297
297
298
297
300
304
309
315
318
316
318
321
322
320
319
316
312
308
306
304
304
304
304
304
304
303
299
297
296
297
298
296
293
291
288
285
284
284
284
284
284
280
278
276
274
274
274
272
268
265
262
260
258
256
254
255
256
256
256
253
252
252
253
255
256
256
254
251
248
246
245
244
244
246
245
242
240
239
241
244
246
246
244
241
238
236
234
235
236
238
241
243
241
244
249
254
256
260
262
260
258
256
252
249
248
246
245
244
241
239
239
240
244
246
247
247
244
243
240
238
236
235
233
232
228
226
224
224
228
231
233
236
236
234
232
229
228
225
224
222
220
218
216
215
216
220
224
227
228
228
228
226
223
220
220
219
217
216
214
212
212
215
219
221
221
219
216
214
212
209
207
204
203
202
200
198
197
199
203
208
212
214
214
213
211
209
207
205
204
203
202
200
197
197
200
204
207
210
212
212
211
208
206
204
203
202
201
200
198
196
197
200
204
206
208
209
208
208
204
203
201
200
197
196
196
194
192
194
197
201
205
208
208
208
205
203
200
199
198
198
197
196
193
192
195
198
202
204
206
206
204
202
200
200
199
199
200
201
200
199
199
200
204
209
212
214
213
212
209
208
206
204
204
204
203
201
200
200
202
205
208
210
209
208
206
204
202
202
202
201
202
200
198
196
198
201
204
205
205
204
201
200
197
196
197
197
198
197
196
194
194
195
198
200
203
202
200
198
196
194
194
195
195
196
195
193
191
192
194
197
200
201
200
198
196
193
192
192
192
193
194
193
191
190
192
194
196
198
198
196
193
192
191
192
193
196
197
196
194
193
192
194
196
199
199
199
196
195
192
192
192
193
195
197
197
195
194
195
196
200
202
203
202
200
197
196
195
195
196
196
198
196
195
193
195
196
199
200
201
199
196
195
193
193
195
195
196
197
195
194
193
194
196
198
199
198
196
194
192
191
191
192
193
195
195
194
192
192
193
196
198
198
197
195
193
191
191
192
192
193
195
195
192
191
191
193
196
197
197
196
193
192
192
193
196
198
198
198
196
194
193
194
196
198
200
198
196
194
192
192
192
193
194
196
196
196
193
192
194
196
198
199
198
196
193
192
192
192
194
196
197
196
195
193
193
196
198
199
199
197
195
192
191
191
192
193
194
196
195
192
192
192
195
196
197
196
194
192
190
190
191
192
192
195
195
194
192
192
193
196
198
199
197
195
193
191
191
191
192
192
194
193
193
191
191
192
193
195
195
193
191
189
188
188
189
190
191
192
191
189
188
188
192
194
195
194
192
190
188
188
188
189
191
192
193
192
190
189
191
192
193
192
189
188
188
188
188
192
197
204
211
216
217
214
215
216
221
228
233
237
237
236
233
233
232
232
232
232
230
228
227
228
231
233
234
233
232
229
226
224
224
224
224
226
226
225
222
220
220
222
223
223
220
217
216
215
215
216
217
219
220
219
216
216
218
223
227
230
230
229
227
224
222
222
221
221
223
224
223
220
219
220
223
225
227
226
224
221
219
218
217
216
216
215
214
212
209
209
211
214
216
216
213
212
214
221
229
237
242
242
239
239
241
244
248
252
256
257
256
253
251
247
244
244
243
243
243
243
240
237
236
239
241
243
242
241
239
236
233
232
230
230
230
231
231
230
228
226
227
229
234
236
236
235
232
229
228
229
228
227
226
224
222
220
221
224
227
229
230
228
227
224
222
220
220
220
221
222
220
219
217
217
219
220
222
224
224
223
220
218
217
216
216
216
216
214
212
212
214
216
218
218
217
215
212
211
213
220
232
244
255
260
259
259
265
275
284
289
291
289
285
283
283
282
280
277
275
274
271
268
267
268
268
270
269
268
265
262
259
256
255
253
252
252
251
248
246
244
243
245
248
248
248
245
244
244
244
244
242
240
237
236
235
233
232
232
232
232
229
227
226
226
224
223
225
230
238
244
248
246
248
254
264
273
279
283
284
284
284
282
279
275
272
270
268
267
264
262
262
264
264
262
261
266
273
280
285
284
281
280
282
282
281
278
277
277
279
280
279
276
272
270
271
274
277
276
275
274
272
271
271
273
276
279
279
277
274
270
267
264
262
259
256
254
253
252
249
247
246
243
240
236
233
230
228
227
226
224
224
222
221
221
220
220
217
216
214
212
210
208
206
204
201
200
199
197
197
196
195
193
192
195
199
200
200
198
198
198
196
196
199
203
204
208
216
225
233
234
232
232
232
232
232
230
228
226
229
232
232
230
229
230
230
228
231
234
237
240
241
242
240
238
238
239
238
236
235
233
232
232
232
232
232
229
228
227
227
231
248
268
285
294
300
310
324
331
329
326
326
332
341
352
362
368
370
366
364
363
362
360
357
354
356
356
352
350
348
355
366
374
376
372
368
364
363
362
362
374
382
382
388
405
425
442
449
448
449
451
448
448
454
464
468
464
461
457
457
455
453
473
500
521
537
546
566
588
593
588
581
574
568
571
578
581
587
587
580
575
572
570
571
569
573
576
580
586
590
587
585
593
597
595
592
588
582
576
570
565
569
579
595
618
652
677
696
706
702
701
708
716
725
728
728
728
720
716
711
702
692
684
680
684
696
704
705
697
689
683
676
667
664
667
665
658
656
655
650
642
641
636
632
633
630
624
620
616
611
613
608
607
610
611
609
602
594
589
604
645
680
694
696
692
685
696
716
736
744
741
734
724
720
713
703
694
684
678
670
661
654
646
639
631
627
624
617
613
606
604
601
598
598
596
606
624
636
636
636
651
668
671
664
658
649
641
640
643
650
667
676
677
693
720
746
756
755
763
769
764
761
768
769
764
756
753
753
748
742
735
726
721
716
713
723
737
742
744
745
740
732
732
735
730
723
718
712
702
692
686
680
672
665
663
670
692
713
720
731
751
760
756
750
760
769
769
769
770
769
770
770
770
770
769
770
769
769
769
769
769
770
770
770
770
770
769
769
769
769
770
770
763
762
757
752
752
747
769
770
769
769
769
769
770
770
770
770
770
770
770
770
770
770
770
770
770
769
769
769
769
769
769
769
770
770
770
770
770
770
770
771
770
770
769
769
769
769
770
769
769
769
770
770
770
770
769
770
769
771
770
770
770
771
770
770
769
770
770
769
770
769
770
769
769
770
769
769
769
769
769
770
771
769
769
769
769
769
769
770
770
770
770
770
770
770
770
770
770
770
770
770
770
770
769
769
771
771
769
769
770
769
769
770
769
770
770
769
769
770
770
770
769
769
769
769
769
769
769
769
769
769
770
770
770
770
770
770
770
770
770
768
760
751
742
747
764
769
769
769
769
769
770
770
770
770
770
770
770
770
770
769
769
769
769
769
769
770
770
770
770
770
770
771
769
769
769
770
769
770
770
768
769
770
768
766
769
769
769
770
770
769
770
770
770
770
770
770
769
770
770
770
769
771
770
770
770
769
769
769
769
769
770
770
770
770
769
770
770
770
769
769
770
769
769
769
770
771
770
769
769
769
769
769
769
769
770
768
761
763
769
769
769
770
769
769
770
770
769
769
769
769
764
758
748
748
750
741
736
727
721
716
708
700
691
683
686
690
692
696
698
694
687
680
672
667
668
672
668
663
656
668
700
726
746
759
765
769
768
769
768
761
753
752
765
770
770
763
753
744
738
733
732
729
721
720
716
710
716
726
732
736
741
740
731
721
713
704
696
693
692
691
693
694
688
691
699
702
701
696
688
678
669
665
670
688
705
707
700
699
700
705
708
700
695
686
679
680
681
676
668
660
652
646
653
684
716
746
769
769
769
769
770
770
770
769
770
770
770
770
770
769
763
756
747
742
739
740
760
769
769
768
758
750
755
764
763
760
753
746
740
733
725
718
712
705
696
687
678
670
667
669
676
676
668
660
653
646
639
638
641
638
632
628
625
636
667
700
718
723
716
718
735
756
761
769
769
769
769
769
770
770
770
770
769
770
770
770
770
770
769
769
769
769
769
769
769
770
770
769
770
770
770
770
770
769
769
769
769
769
770
770
770
770
770
770
770
770
770
770
770
770
770
770
770
770
770
770
770
770
769
769
769
770
769
770
769
770
771
770
770
769
769
769
770
770
770
770
770
770
770
770
769
769
769
769
769
769
769
770
770
769
770
770
770
770
770
770
770
769
769
769
769
769
770
770
770
770
770
770
767
762
760
760
756
750
740
732
723
716
712
706
697
688
680
672
666
661
657
655
652
646
638
630
622
613
605
599
596
588
582
575
572
572
580
596
612
623
626
623
622
629
632
628
629
629
624
620
612
612
618
619
615
612
608
605
601
595
587
580
576
569
563
557
554
552
554
556
556
555
554
549
542
536
532
524
518
512
508
501
495
489
483
481
479
479
479
477
474
468
464
459
456
453
448
443
438
432
429
428
425
424
424
425
424
421
417
412
408
404
400
395
390
385
382
379
378
377
380
384
386
387
387
383
379
374
369
368
363
361
365
366
362
359
357
360
356
352
348
344
343
351
356
353
351
348
344
346
358
367
368
366
364
362
364
360
356
352
348
345
342
339
334
330
328
329
332
336
337
334
329
325
322
318
316
316
316
315
312
308
305
302
301
300
300
300
300
299
296
293
290
290
291
290
289
286
283
279
276
276
275
275
275
275
274
272
268
267
267
267
267
266
264
260
256
255
254
254
254
253
254
252
250
248
247
247
248
248
246
244
243
240
238
236
236
237
239
239
237
236
235
236
238
237
240
243
244
242
240
238
240
244
244
243
242
239
236
236
236
239
240
240
238
236
232
231
230
229
230
229
230
228
226
224
224
226
228
229
228
227
224
222
221
222
223
224
224
223
220
218
217
218
220
222
223
222
220
217
216
215
215
216
216
214
213
212
209
208
210
212
213
213
211
208
206
204
204
205
204
205
205
204
202
200
201
205
208
209
209
209
207
208
211
212
213
212
212
212
212
209
209
211
213
215
216
214
211
208
207
208
210
209
210
212
212
210
209
209
211
213
216
215
212
210
208
208
208
208
207
208
208
207
204
204
204
206
208
208
208
206
204
201
200
200
202
202
204
204
204
203
201
202
204
204
205
204
201
199
197
196
198
198
199
200
200
198
196
195
195
196
197
196
195
192
191
189
189
192
195
196
197
196
193
192
191
190
188
188
187
184
183
180
180
180
181
182
185
187
188
187
184
183
184
188
191
191
188
188
187
188
188
188
190
193
194
193
191
191
192
193
195
194
192
189
188
187
187
188
190
192
194
194
192
190
190
192
193
194
193
191
189
187
186
187
188
190
192
195
194
192
190
192
193
195
195
193
191
188
187
188
189
191
193
196
197
196
193
192
192
193
192
191
188
187
184
182
183
186
189
192
195
193
192
191
191
191
192
194
192
191
188
188
192
192
192
192
195
196
196
193
192
192
194
196
196
194
192
189
188
188
190
192
194
196
196
195
192
192
193
196
196
196
193
191
188
188
189
191
193
195
196
196
193
192
192
193
195
196
195
192
190
188
188
190
192
193
196
197
197
195
193
195
196
197
197
195
192
190
189
188
188
190
191
193
193
191
189
188
189
191
192
192
191
188
187
187
189
191
192
195
198
200
197
196
198
200
202
203
201
200
197
195
194
195
196
196
198
200
199
196
195
195
197
199
199
198
195
193
192
192
192
194
195
196
198
196
194
193
194
196
198
198
196
193
192
190
191
192
193
195
196
196
193
191
192
193
195
195
195
192
189
188
187
188
188
191
192
194
193
192
189
189
192
195
196
194
192
189
188
188
187
187
188
188
188
186
184
184
186
189
190
189
187
185
183
181
182
183
184
186
188
188
185
184
184
187
188
191
190
188
186
184
183
184
184
186
188
189
188
185
184
185
188
189
190
188
187
184
183
183
184
184
185
188
188
186
184
184
185
188
189
189
188
186
184
182
182
182
184
187
188
188
185
184
184
186
188
188
187
184
183
181
180
178
177
177
177
178
179
176
177
180
184
187
188
188
186
184
182
181
181
181
182
184
184
181
180
182
184
187
187
187
185
184
181
180
179
180
180
180
182
182
180
179
180
183
185
187
187
186
184
181
180
180
180
180
182
182
181
179
178
180
182
184
185
184
184
182
179
178
178
178
179
181
181
180
177
177
180
183
185
185
185
183
181
179
178
177
178
179
180
179
176
175
176
179
182
184
185
184
182
180
179
180
181
184
186
188
186
184
186
188
192
195
197
196
194
192
190
188
189
188
188
189
188
186
184
184
187
189
190
191
190
188
188
185
184
184
184
187
190
190
188
187
188
191
193
195
195
194
192
190
188
187
186
185
185
185
184
181
181
184
188
191
192
192
192
189
188
185
184
184
184
184
184
181
180
180
183
186
189
190
189
187
185
183
182
180
180
180
180
179
177
176
178
180
183
184
184
182
180
178
176
176
177
179
181
184
181
180
180
184
188
191
190
189
187
185
186
189
194
198
200
200
197
196
194
191
189
187
184
184
184
186
189
190
190
188
187
188
190
191
191
189
195
201
205
208
212
213
212
209
208
211
215
217
220
220
217
216
216
217
220
223
225
223
222
222
223
223
221
221
224
227
228
227
226
230
233
238
241
240
238
236
243
252
260
267
277
291
303
306
305
306
315
324
334
342
349
354
356
358
356
353
350
346
341
337
333
332
331
331
334
336
334
331
328
324
320
318
317
315
316
321
324
320
316
316
322
333
344
348
344
341
344
348
350
345
348
352
356
361
365
371
368
370
379
390
397
399
399
400
400
398
396
401
405
411
411
405
401
401
403
404
405
402
396
392
388
382
377
372
367
364
360
358
356
353
353
354
356
360
362
363
359
372
394
412
422
427
428
427
422
424
432
443
447
449
447
440
435
428
423
418
412
408
403
400
397
392
387
385
385
384
384
382
378
376
372
371
372
373
381
391
393
389
387
387
382
376
372
371
368
366
365
361
358
354
352
357
368
388
408
423
425
420
415
414
416
420
428
436
437
440
438
432
428
424
419
416
416
418
420
422
422
420
419
415
410
404
402
402
406
408
410
406
400
396
395
401
408
408
404
400
394
389
389
393
395
397
400
398
394
394
394
392
391
389
385
388
392
390
385
380
376
372
367
362
357
352
348
344
340
340
342
342
338
334
331
328
326
325
323
321
318
313
311
310
311
312
313
312
309
306
306
306
305
302
299
296
294
290
286
282
280
283
287
288
287
284
282
277
276
273
272
272
273
273
270
267
266
266
268
272
273
272
272
275
276
277
278
276
273
272
268
265
263
262
264
268
272
272
271
271
268
265
264
264
265
264
263
260
256
255
256
260
263
264
265
264
261
258
255
252
248
246
244
243
239
236
236
239
243
247
248
248
248
248
244
241
240
239
238
237
236
232
232
232
236
240
243
246
247
246
244
240
238
237
236
236
234
232
229
228
228
233
236
239
240
240
240
238
236
232
231
230
228
226
223
220
220
223
224
225
228
228
227
225
224
222
220
219
217
216
216
212
211
213
217
222
225
228
228
228
227
224
221
218
217
216
215
212
210
210
213
217
220
223
224
224
222
220
217
216
214
213
212
212
210
208
208
210
216
220
223
223
222
220
217
215
213
213
212
211
208
206
205
206
209
212
213
213
212
210
208
207
208
211
212
217
225
232
240
243
241
242
247
253
260
264
262
260
260
261
260
258
255
251
248
247
248
248
249
248
246
244
250
262
277
298
320
336
352
363
366
362
362
366
376
395
415
430
440
449
453
456
455
451
446
440
436
431
428
429
458
492
524
548
560
559
557
562
572
579
576
570
564
562
557
550
543
537
535
535
537
544
548
546
539
532
526
520
514
511
508
501
495
492
498
508
515
518
512
511
508
509
519
530
540
549
550
547
555
572
582
576
568
568
575
586
615
680
747
769
769
770
770
770
770
770
770
770
770
770
770
770
770
770
769
769
769
769
769
770
770
770
771
770
770
770
770
770
769
769
769
770
768
770
769
764
756
750
741
730
723
716
714
710
708
708
704
696
687
678
674
684
705
728
755
769
769
769
766
765
770
769
770
770
770
769
769
768
760
751
746
740
743
754
757
751
743
732
728
736
748
755
751
742
732
726
721
716
708
702
694
688
687
683
673
665
659
654
649
651
652
649
640
632
624
616
616
622
626
624
623
617
610
606
602
596
591
587
584
580
573
568
569
570
571
570
569
566
561
572
585
590
593
592
584
577
577
577
572
567
560
558
565
577
587
586
582
575
570
574
584
594
600
603
605
599
594
598
610
620
629
635
638
636
630
622
613
605
596
589
581
578
583
584
580
573
568
566
568
574
575
570
562
557
552
548
543
536
530
528
527
527
528
527
524
520
515
510
504
501
500
497
491
484
480
474
468
468
468
469
470
468
465
460
453
449
448
448
445
444
443
439
438
433
428
422
417
413
418
423
420
416
417
412
410
404
400
394
390
387
389
396
405
415
421
423
421
416
413
412
411
409
404
401
399
396
393
395
398
400
400
399
396
392
387
381
377
372
368
364
359
355
352
351
352
354
355
355
353
349
344
340
337
334
329
325
322
316
313
312
312
312
315
320
319
315
310
307
305
303
300
296
293
289
285
283
280
276
275
273
275
275
272
271
274
276
272
269
267
266
264
260
259
260
264
272
276
278
277
275
272
268
265
261
258
255
253
250
248
248
252
256
261
265
267
268
266
264
261
258
255
252
249
247
244
241
242
244
248
253
255
256
256
256
254
251
248
244
243
240
238
235
234
236
240
246
250
252
253
252
250
247
244
241
239
236
233
231
228
228
232
235
239
242
244
244
243
244
242
239
236
234
232
230
227
226
226
229
233
236
238
238
237
236
235
232
232
230
227
224
221
220
220
223
227
232
237
240
240
240
240
236
233
231
228
226
224
221
220
220
222
226
232
235
237
238
237
236
232
230
227
225
223
221
218
216
216
219
224
229
233
235
235
234
232
229
227
224
222
220
217
215
213
214
217
222
224
225
225
223
220
219
216
213
212
212
211
208
207
207
208
211
214
217
219
220
221
220
219
216
215
213
211
210
208
207
207
208
212
215
217
219
219
219
216
214
212
211
209
208
205
203
203
204
208
212
216
219
220
219
217
214
212
210
209
208
207
205
203
201
204
207
211
214
216
216
214
212
210
207
206
205
204
203
201
198
197
200
203
207
212
214
215
213
212
209
207
205
204
203
202
200
198
197
199
203
206
210
212
212
212
212
208
207
207
206
204
203
201
200
203
207
211
214
216
216
215
212
210
207
204
202
199
198
198
198
196
196
200
204
209
212
211
209
206
207
208
205
203
200
198
196
196
198
201
206
210
212
212
212
212
208
206
205
204
203
202
200
198
197
199
202
206
208
209
209
208
206
204
202
200
199
198
197
195
193
193
196
201
204
206
208
206
204
203
200
198
197
196
196
194
192
190
192
194
199
202
204
205
204
203
200
198
197
196
196
195
193
192
191
192
195
200
203
204
205
203
200
198
197
198
198
196
193
191
189
188
189
192
196
198
198
197
197
196
193
192
190
188
189
188
186
185
186
188
195
198
201
202
201
200
197
196
194
192
192
193
192
189
188
190
193
196
200
201
201
200
198
196
193
192
192
192
192
190
188
188
191
195
198
200
201
200
199
197
195
193
192
190
190
190
187
186
188
191
195
196
196
193
192
190
188
185
183
180
179
178
176
175
172
174
179
184
188
189
190
188
188
185
184
183
182
183
184
183
181
181
184
188
192
194
195
193
192
189
187
185
186
186
187
187
184
184
186
190
195
199
201
201
200
199
196
195
193
192
192
192
191
188
187
189
192
198
201
203
203
201
199
196
195
193
193
193
193
192
190
188
188
191
195
200
204
204
202
200
196
195
193
192
192
192
189
187
188
190
195
199
200
200
200
197
196
196
196
194
193
193
192
189
186
188
190
192
195
196
198
198
196
194
192
192
192
191
191
188
186
186
188
192
196
198
199
199
197
195
193
192
191
191
192
193
192
189
188
188
190
190
190
188
185
183
181
180
182
181
182
184
184
182
180
182
186
190
196
200
202
203
202
200
198
196
193
191
189
188
185
184
184
184
182
180
177
177
178
179
178
176
173
172
173
174
172
169
169
171
174
175
175
173
171
168
166
165
164
163
161
159
157
156
153
153
154
155
156
156
154
152
150
148
147
145
143
143
141
140
140
142
146
152
156
159
159
164
167
167
165
165
165
164
163
163
163
164
168
167
172
176
180
186
191
196
202
204
203
200
200
200
197
195
192
195
200
205
209
208
210
212
213
216
216
212
212
213
212
212
217
222
221
220
220
217
218
224
238
248
251
251
251
250
247
245
244
243
240
236
236
234
237
246
256
271
289
302
308
312
320
326
326
333
344
356
366
376
386
389
389
393
393
389
388
384
382
383
380
376
372
372
377
381
384
384
383
381
379
376
370
367
364
361
360
358
358
355
352
352
352
353
353
351
348
344
343
346
351
356
356
358
364
377
389
398
401
400
396
391
394
404
409
409
404
400
396
392
390
390
388
385
383
381
380
377
378
377
376
372
367
363
358
353
350
348
345
340
344
352
360
364
364
364
362
357
354
350
346
347
348
345
341
339
338
339
340
343
344
344
344
342
339
335
337
339
336
333
336
342
346
351
350
346
342
342
344
346
350
353
352
347
342
339
338
338
333
331
331
333
337
337
334
331
327
324
324
324
324
326
327
327
324
324
324
329
335
334
332
329
326
325
332
342
366
396
415
425
428
425
435
449
464
476
485
488
488
484
480
473
466
463
463
465
470
470
468
462
457
454
455
456
460
460
462
460
454
451
452
456
459
459
453
448
442
442
443
447
448
448
444
438
432
427
422
419
416
412
412
412
409
404
404
400
397
402
409
416
426
436
436
436
440
438
433
432
440
444
442
445
452
459
464
464
459
452
447
441
436
436
438
439
438
436
430
429
427
434
452
466
471
465
460
456
458
464
466
465
469
469
465
460
459
463
469
476
478
477
475
468
466
464
460
456
452
448
444
438
438
442
440
437
449
462
464
463
458
452
452
457
464
462
464
467
466
462
459
453
448
442
437
432
428
424
419
417
416
416
416
415
411
411
416
418
418
413
408
406
408
405
402
403
403
400
402
408
434
473
502
515
511
511
511
520
534
539
532
527
520
516
519
528
527
520
516
511
508
508
510
508
508
511
511
509
504
498
492
487
482
478
475
468
464
458
452
453
458
459
456
460
475
489
504
516
532
546
553
549
545
547
545
540
535
528
524
524
525
527
526
520
512
511
507
500
492
490
488
481
479
495
516
526
526
520
517
522
532
542
542
536
532
531
533
531
529
531
530
526
520
513
509
505
502
498
495
492
486
479
474
471
468
465
463
480
502
511
514
516
511
512
511
512
515
515
512
509
508
512
528
540
540
536
532
526
522
518
518
524
525
523
520
519
516
511
511
514
520
521
516
511
509
507
503
500
495
490
484
491
507
516
520
527
528
522
525
532
539
547
553
549
543
536
529
523
520
518
516
516
515
512
507
501
502
505
504
500
496
495
492
485
480
476
474
472
472
474
476
477
476
470
467
475
494
519
542
552
548
545
550
558
568
579
583
578
571
565
558
551
554
571
586
601
620
637
643
638
632
630
640
663
679
678
672
664
656
647
638
628
621
615
610
604
604
608
607
600
591
584
582
588
590
583
576
568
562
556
548
540
535
531
528
524
519
512
508
508
508
509
507
504
504
501
498
497
497
498
496
495
494
492
486
482
488
502
513
520
520
529
550
561
563
557
552
557
573
600
615
612
605
597
588
583
581
580
577
573
574
568
565
564
561
558
553
547
548
552
551
549
548
548
547
540
535
534
534
532
532
536
538
536
530
524
517
511
505
500
496
491
487
481
475
469
464
460
457
455
452
447
441
436
433
440
465
503
530
548
558
560
555
564
580
588
586
587
593
588
588
588
584
577
569
564
566
565
562
562
562
562
560
553
552
547
540
536
532
532
529
536
540
544
551
559
566
564
556
556
564
576
576
568
561
554
548
540
533
527
520
515
511
512
510
511
514
532
549
557
556
551
555
557
560
557
551
546
543
542
541
542
540
539
534
528
521
516
512
508
503
503
513
528
537
540
533
528
528
534
544
548
548
547
540
533
527
521
520
523
528
530
525
524
529
528
528
536
539
537
534
530
527
532
532
529
532
531
530
524
520
521
523
523
520
527
560
598
628
644
644
641
650
659
657
657
664
673
681
684
684
683
680
674
665
658
652
644
642
640
635
631
624
618
613
611
612
611
604
605
614
620
618
613
606
598
598
598
596
592
587
579
571
567
562
566
572
580
587
597
620
632
634
627
625
634
649
673
683
681
675
667
663
672
679
680
680
679
670
666
666
664
658
650
647
644
638
633
627
619
612
613
611
604
596
591
592
606
620
630
633
629
624
631
638
639
636
632
628
622
616
608
600
591
583
576
571
568
564
559
552
544
536
529
525
520
512
508
505
505
505
504
499
494
500
500
496
489
487
490
502
520
544
563
572
572
566
566
575
592
604
608
608
604
597
592
587
580
574
567
560
555
553
551
545
537
533
531
526
520
514
520
542
569
588
593
587
584
588
598
604
603
600
600
599
596
592
588
584
576
572
569
564
556
552
548
543
536
529
524
521
520
516
511
504
499
493
487
480
476
475
476
478
476
473
468
464
463
461
460
459
454
448
443
438
435
431
428
426
424
424
426
423
419
416
412
415
414
410
410
412
413
411
406
403
399
394
391
388
382
380
378
373
368
364
362
361
356
354
354
352
351
350
347
343
339
336
336
336
336
334
331
326
321
320
321
323
321
322
324
323
319
316
315
319
324
324
322
318
314
311
311
312
311
312
312
312
308
307
308
308
309
308
306
304
300
296
293
292
292
293
294
292
290
288
286
285
287
290
292
293
292
290
286
284
284
284
284
285
287
284
281
278
280
285
287
287
284
280
276
273
271
272
272
270
266
263
260
257
256
257
260
262
263
261
260
256
253
252
250
249
248
247
244
241
238
237
240
242
242
239
236
236
234
234
232
230
228
227
227
224
221
219
217
219
220
222
222
223
223
220
218
216
216
220
220
220
220
217
217
217
220
224
224
220
217
215
212
210
207
206
205
204
204
204
203
204
209
214
216
216
214
212
209
207
206
205
204
204
204
204
201
200
202
204
207
208
208
206
203
200
200
201
202
204
206
205
202
201
201
203
205
207
208
206
204
202
200
199
198
197
197
198
198
197
195
194
196
198
201
202
201
200
196
196
196
198
197
197
198
197
196
194
195
197
197
196
195
194
191
189
187
188
188
188
188
187
184
182
183
184
186
188
189
188
186
184
184
182
181
182
184
184
184
183
181
183
184
188
189
190
188
187
184
183
184
184
186
188
192
192
189
189
192
195
197
199
199
196
194
192
192
192
192
193
195
196
193
192
191
192
193
195
194
192
190
188
186
185
185
187
188
191
191
189
187
187
189
192
192
192
191
188
185
184
184
185
187
189
192
192
189
187
186
188
191
192
192
189
188
188
188
188
190
193
194
193
192
189
188
188
192
193
195
193
190
188
187
188
190
192
195
196
196
194
192
192
194
196
199
199
198
195
193
192
194
196
200
204
207
208
206
204
206
210
215
216
215
212
209
208
206
207
207
208
209
210
208
206
205
206
207
208
208
205
202
200
200
200
203
204
204
205
205
204
201
200
202
204
206
205
203
200
198
197
197
198
200
200
201
200
198
196
197
199
200
200
199
196
194
192
192
193
195
197
200
201
201
200
200
203
207
208
207
205
204
201
200
200
200
202
204
207
205
203
201
201
203
205
208
207
206
204
200
200
200
201
206
209
211
211
209
207
208
211
212
215
214
213
211
209
208
209
209
209
211
212
210
207
206
208
211
212
213
212
210
208
204
204
204
206
207
208
209
207
205
205
207
209
210
210
208
206
203
202
201
201
201
204
205
205
203
201
205
209
212
212
211
208
206
204
202
201
202
204
206
207
206
204
203
205
209
210
211
209
207
204
201
200
198
198
200
204
207
205
204
205
210
214
217
218
216
212
210
208
208
210
210
211
211
209
208
206
208
210
212
213
213
211
208
206
206
207
208
209
209
208
205
204
204
204
206
208
208
207
204
202
200
199
200
201
204
207
207
204
201
201
204
206
207
206
204
203
201
199
196
195
195
196
197
196
193
194
200
209
217
222
223
220
225
229
232
233
232
230
229
228
225
226
232
237
242
244
243
240
237
237
240
244
251
259
264
266
263
259
258
256
255
258
264
268
265
264
268
269
272
274
274
272
269
270
268
265
264
263
260
261
266
268
271
269
268
272
276
279
276
272
272
275
278
287
295
295
293
295
300
297
299
304
308
308
306
303
299
296
292
292
291
292
294
295
293
293
291
288
286
286
284
283
284
284
281
281
284
287
289
287
288
292
292
289
286
287
305
328
352
363
364
363
369
384
405
427
435
430
424
420
436
480
526
563
582
600
632
652
648
651
653
652
660
673
689
703
710
716
720
716
707
699
692
689
700
710
704
696
695
700
712
723
729
724
716
709
700
694
700
709
716
719
720
721
721
716
714
712
712
706
696
690
682
681
680
674
672
670
668
669
669
671
671
664
662
664
661
656
654
668
690
700
702
695
688
694
705
716
720
721
723
716
712
707
704
706
713
724
735
734
725
726
744
755
760
760
757
752
745
736
727
717
712
704
702
708
713
716
712
703
696
694
711
723
724
719
713
707
712
721
725
718
711
701
692
687
688
688
684
681
678
672
664
658
655
651
648
643
653
682
707
717
716
711
716
732
753
764
764
760
750
740
732
723
716
708
701
692
689
688
687
684
680
673
665
658
649
643
643
650
660
668
667
661
652
648
656
667
670
668
664
656
648
640
632
624
619
615
610
605
600
592
584
580
576
572
565
560
557
556
553
547
543
538
537
533
528
522
516
516
519
523
523
516
511
509
504
499
495
488
482
481
479
472
466
463
463
465
467
467
464
460
455
449
444
441
440
438
435
430
425
424
423
423
424
424
424
421
417
412
406
401
399
396
393
392
388
384
384
384
384
385
384
381
380
379
375
370
366
363
360
356
352
348
345
344
342
340
340
338
336
336
334
330
326
321
317
313
310
308
306
304
304
306
307
306
304
301
297
295
296
296
293
290
288
286
282
279
278
279
281
283
281
278
276
276
276
274
272
268
266
262
260
256
254
254
256
260
265
268
270
270
269
267
264
260
257
255
252
249
247
246
246
249
254
258
262
263
261
259
256
252
249
246
244
241
238
236
236
238
241
246
249
249
248
247
244
241
238
235
232
228
226
223
221
223
227
231
236
239
240
240
239
236
233
230
229
228
228
228
226
227
230
234
240
243
245
246
244
242
238
235
232
229
227
224
220
219
216
214
212
209
206
204
209
219
228
234
236
234
235
236
239
242
244
243
240
243
248
258
265
269
268
265
264
264
269
288
307
332
357
392
430
457
467
465
464
479
507
545
579
589
590
589
587
583
583
584
579
583
591
609
644
674
698
714
721
726
719
716
717
712
704
704
710
718
728
743
758
770
770
769
769
769
769
769
769
769
770
770
768
760
761
756
755
756
757
761
760
750
740
732
725
723
737
765
769
769
770
769
770
769
770
770
770
770
770
769
769
769
769
769
769
770
770
770
770
770
770
770
770
770
770
771
771
770
770
769
769
769
770
770
770
770
770
770
770
770
770
770
765
761
760
756
755
754
747
737
728
723
719
716
711
702
699
703
707
710
708
702
706
716
719
718
712
704
700
693
684
675
665
657
649
645
644
640
632
623
614
607
600
595
588
585
580
572
565
564
565
566
567
560
557
556
566
588
612
623
616
608
604
608
623
635
631
628
625
617
611
603
596
600
603
596
610
651
690
715
726
747
769
769
769
769
770
770
770
770
770
770
771
770
769
770
770
771
770
770
770
769
769
769
769
770
770
770
770
771
770
770
770
771
769
770
769
770
769
769
769
770
770
770
770
770
770
770
770
770
769
770
769
770
769
770
770
770
770
769
769
769
770
770
770
770
770
770
770
770
769
770
770
771
770
769
769
769
768
769
769
769
770
770
770
770
769
770
770
770
770
770
770
770
770
770
770
770
771
771
770
770
771
770
770
770
770
770
770
770
770
771
770
770
770
770
770
770
770
770
770
770
769
769
769
770
770
770
770
770
770
770
770
771
771
770
770
770
770
769
769
770
769
769
769
769
770
769
770
770
770
770
770
770
770
770
771
770
770
770
769
769
769
771
770
770
770
770
770
771
770
770
769
770
770
768
770
769
770
770
770
770
770
771
770
769
769
769
770
769
770
769
769
770
769
769
771
771
770
770
770
770
770
770
771
770
770
770
770
770
769
769
769
769
769
769
769
770
770
770
770
770
770
770
770
771
769
771
770
770
771
770
771
770
770
770
770
770
769
770
769
769
770
770
770
770
771
770
770
771
770
770
770
770
770
771
770
769
769
770
770
770
770
770
770
770
770
770
770
770
770
770
770
769
769
770
764
754
744
734
727
720
714
705
696
688
680
674
665
665
661
653
644
636
629
622
613
606
600
592
588
588
588
587
584
578
572
567
560
552
544
539
532
526
523
522
522
523
523
520
514
511
510
504
499
493
489
484
478
473
469
465
463
468
475
480
480
476
473
468
462
456
452
449
448
442
439
437
437
439
441
443
443
440
436
431
425
420
414
408
403
399
394
393
391
388
389
395
400
400
400
396
391
387
381
376
371
366
360
357
356
358
363
369
374
376
374
372
368
364
359
354
351
348
344
339
335
334
336
339
340
340
340
341
339
336
334
331
326
322
318
313
312
311
313
316
320
325
328
328
328
327
324
320
316
312
307
305
301
297
296
298
302
306
310
313
313
313
312
308
305
303
298
296
292
289
288
288
291
296
299
303
305
306
306
306
304
300
296
292
289
286
284
284
284
288
292
296
299
300
300
299
297
294
291
287
283
280
276
272
269
268
271
276
282
286
287
288
287
284
281
278
274
270
267
263
260
260
263
267
272
274
276
278
278
277
275
271
268
264
264
263
260
257
257
260
267
273
276
279
279
278
276
272
268
265
263
260
257
254
253
254
256
260
262
263
264
264
264
262
259
256
255
252
249
246
244
244
247
252
256
260
260
261
260
257
254
252
248
245
243
241
238
236
238
241
245
248
252
253
253
252
251
248
244
243
242
240
238
235
233
233
236
243
249
253
254
252
251
248
244
242
240
237
236
233
230
230
232
236
241
244
246
245
244
242
240
236
235
235
236
235
232
229
231
235
241
247
249
250
250
248
246
243
240
236
235
234
232
228
228
230
233
238
241
243
244
242
240
237
235
232
229
227
226
223
220
221
224
227
230
233
235
235
232
230
228
225
224
224
225
223
220
219
220
224
230
236
240
240
240
239
236
232
232
230
229
229
226
224
224
225
228
233
236
237
236
234
232
228
225
222
220
217
216
213
211
211
212
216
221
224
227
228
226
224
221
218
216
215
213
212
209
208
208
210
215
218
221
223
222
220
218
216
212
211
210
209
208
205
204
206
210
215
219
220
219
217
214
211
208
206
203
201
200
199
197
196
200
205
210
212
212
209
208
207
206
203
200
198
196
193
191
189
189
193
198
201
205
207
206
205
203
200
198
196
196
195
195
192
191
192
196
200
204
206
206
206
204
202
200
198
196
196
195
193
191
189
190
192
196
200
204
204
203
200
197
195
193
192
192
191
188
187
188
189
192
196
198
197
196
194
191
188
186
184
183
182
180
179
177
178
181
185
190
192
192
189
187
184
182
180
179
179
180
179
176
175
177
183
188
191
192
193
192
188
187
186
185
185
184
184
180
180
180
184
188
192
193
194
192
191
188
186
184
184
184
183
182
180
180
181
184
187
190
192
193
193
192
189
187
185
184
184
185
184
181
180
181
184
188
190
190
190
188
187
185
184
184
184
185
184
181
180
180
181
186
189
192
192
191
188
186
184
184
184
184
183
181
180
178
179
180
183
188
191
192
192
190
188
188
188
189
190
191
188
187
185
188
192
196
200
201
200
199
197
195
193
192
192
192
193
192
189
188
191
195
200
203
204
202
200
197
196
196
197
199
200
197
196
196
196
200
204
208
209
209
208
206
203
201
200
200
200
200
197
195
194
195
198
202
204
205
205
204
201
199
197
198
199
200
201
200
198
200
204
208
212
215
216
214
212
211
209
208
208
208
208
208
206
204
204
205
209
212
213
213
212
210
207
205
205
204
204
204
203
200
199
199
200
201
203
204
204
204
203
201
200
200
201
202
203
203
201
203
208
211
213
216
216
216
213
211
209
208
208
208
208
208
205
204
206
208
212
215
216
216
214
211
209
206
206
206
204
203
200
198
197
198
200
203
204
202
200
200
199
196
195
194
193
193
195
195
193
191
190
192
195
196
195
195
196
196
194
192
190
190
190
189
188
185
187
188
193
196
197
197
196
194
192
190
190
190
190
190
188
186
184
185
189
192
195
196
196
193
192
190
189
189
190
191
191
188
187
186
188
192
195
197
198
196
196
193
191
190
191
191
191
191
188
187
187
189
193
196
196
196
193
192
190
188
188
188
188
190
189
188
187
188
192
196
197
196
194
192
190
188
185
184
184
184
184
183
180
179
179
182
185
188
188
189
188
185
183
181
180
180
180
180
178
176
176
180
184
187
188
188
187
184
182
182
181
181
181
182
180
179
178
181
185
189
192
194
194
193
191
189
188
188
190
190
191
189
187
185
188
192
197
200
200
200
198
196
193
192
192
193
194
193
192
190
191
193
197
199
200
198
196
194
192
189
188
187
187
188
188
187
186
187
191
196
200
200
200
200
197
195
194
193
195
195
196
194
193
194
196
201
204
207
208
207
204
202
199
197
197
198
196
196
192
191
190
193
196
199
200
200
199
197
194
192
192
191
192
192
192
189
187
186
189
192
195
196
196
196
195
193
191
190
189
189
189
188
185
184
184
187
191
194
196
196
195
193
191
191
192
192
192
190
188
186
187
190
195
198
200
200
199
196
194
192
192
191
190
188
188
184
184
184
186
189
192
192
192
192
192
188
187
187
187
187
188
186
184
183
185
189
193
196
196
194
191
188
187
185
184
184
184
182
180
178
179
182
185
188
190
191
189
188
185
185
185
184
184
184
183
181
180
181
185
190
193
195
194
192
190
188
187
186
185
185
187
187
184
183
186
192
197
200
201
201
200
198
196
195
194
194
194
193
192
190
190
192
196
199
200
200
198
196
193
192
192
191
191
192
192
189
188
187
188
192
197
199
198
197
195
192
192
192
192
190
189
188
185
185
188
192
195
198
200
198
196
193
192
192
192
192
191
190
188
186
186
189
192
195
196
196
195
193
191
188
188
187
187
188
188
185
184
185
188
192
195
196
196
194
192
189
188
188
188
188
190
188
186
185
185
190
195
198
199
197
196
193
191
191
192
192
192
192
190
188
190
195
200
204
204
202
200
196
195
195
193
192
191
189
188
185
184
183
184
188
190
192
192
191
190
188
186
185
184
185
184
183
180
181
183
186
189
191
192
192
190
188
186
185
185
186
186
185
184
181
181
184
187
191
192
192
192
190
188
186
184
184
184
184
184
181
180
180
183
185
188
190
190
188
187
184
184
185
187
188
190
188
186
185
188
193
198
200
201
200
197
195
193
192
190
188
188
188
188
185
184
186
190
195
198
198
196
195
192
190
190
190
190
192
190
188
186
188
191
195
198
200
199
197
195
192
191
191
192
192
192
192
189
189
191
192
195
198
199
198
196
193
192
191
190
191
191
190
188
185
186
188
191
194
196
197
195
193
192
189
188
188
188
188
188
187
184
186
188
192
195
196
196
196
193
192
191
192
192
190
190
189
187
186
187
190
193
195
194
193
193
191
189
188
188
188
188
187
185
183
182
184
187
189
191
192
192
191
188
187
187
187
187
188
187
185
184
186
189
193
196
197
196
195
192
190
190
190
190
189
188
188
186
185
187
190
193
195
195
196
195
192
190
189
189
190
192
192
189
188
188
192
194
196
197
197
196