135
115
135
115
135
115
115
135
115
115
115
115
115
135
115
115
115
135
135
135
135
135
135
135
135
135
135
135
135
135
135
135
135
135
135
135
135
135
156
135
135
135
135
135
135
135
135
135
115
135
156
135
135
135
135
135
135
135
135
135
135
135
135
135
135
135
135
135
135
135
135
135
135
135
135
135
135
135
115
135
135
135
135
135
135
135
135
135
135
115
135
135
135
135
115
115
135
135
115
135
135
135
135
135
135
135
135
135
135
135
135
115
135
135
135
135
115
135
135
135
135
135
135
115
135
135
115
135
135
135
135
115
135
135
135
135
115
135
135
115
135
135
135
180
156
115
115
135
115
96
135
96
96
115
115
96
64
115
80
80
80
96
80
80
64
80
64
64
64
51
51
51
64
64
51
51
51
51
39
51
39
64
51
51
28
51
39
39
28
51
39
51
39
51
39
39
28
51
39
39
39
51
39
39
39
39
39
39
39
51
39
39
28
39
39
39
39
39
39
39
28
51
39
39
39
51
51
39
28
39
39
51
51
39
39
39
39
51
39
39
39
51
39
51
39
39
51
51
39
51
39
51
51
64
28
39
28
80
64
64
51
39
64
80
115
96
96
80
80
64
80
80
80
80
80
96
96
80
80
80
80
96
96
96
80
96
115
115
96
115
115
115
115
115
115
115
115
115
135
115
135
135
135
115
135
135
115
135
135
135
135
135
135
156
135
135
135
156
135
135
156
156
135
156
156
156
135
156
156
156
156
156
180
231
156
135
115
115
135
135
156
115
135
135
135
135
135
135
115
115
115
96
115
115
96
96
115
96
96
96
96
80
80
96
96
80
96
80
96
80
80
64
80
80
80
80
80
80
80
80
80
80
80
80
80
80
80
64
80
80
64
80
80
80
80
64
80
80
80
64
80
64
80
64
80
64
64
64
80
64
64
64
80
80
80
64
80
80
80
80
80
64
80
80
80
80
80
64
80
80
64
64
80
80
80
80
80
80
96
80
80
80
80
80
115
96
80
96
96
96
80
80
80
64
51
51
80
80
80
80
80
64
80
64
80
64
80
64
96
80
96
80
96
96
96
80
80
64
80
80
96
80
80
115
96
115
96
96
96
80
80
64
96
80
96
96
96
96
96
115
115
115
96
115
80
64
39
28
28
39
51
64
64
96
115
135
115
96
115
96
115
135
135
135
135
135
96
64
64
80
96
96
96
115
80
64
64
39
39
28
51
64
96
115
156
156
135
115
96
96
96
96
80
64
64
51
64
80
80
80
80
80
80
115
135
135
156
135
135
135
115
96
96
96
80
51
28
28
20
12
12
20
28
39
51
80
80
96
115
96
80
80
64
64
51
28
39
39
39
39
51
64
80
96
180
259
259
288
288
320
259
180
115
96
80
64
64
51
51
28
3
0
0
0
7
12
20
28
64
64
96
115
156
156
135
64
51
51
51
80
64
80
80
115
156
135
115
135
135
204
259
320
259
259
259
259
231
180
156
156
96
80
64
51
51
51
64
80
80
96
115
156
156
135
115
80
64
51
39
28
20
28
39
51
64
80
80
96
135
180
180
180
231
259
288
259
204
180
156
135
115
96
80
39
20
20
28
28
39
28
28
28
28
28
39
64
96
115
156
115
135
204
259
320
500
1843
6195
4992
288
924
2691
2976
2000
352
231
1095
96
64
3
0
96
720
720
423
980
819
12
460
1620
1692
1155
540
80
96
135
12
540
1095
1692
980
500
288
156
80
39
12
0
0
7
20
39
51
80
96
80
64
51
51
64
51
20
12
7
0
0
7
20
20
39
80
135
231
320
352
231
80
64
115
180
180
156
135
135
115
64
28
3
0
0
0
0
0
0
3
7
12
20
20
20
28
28
20
20
39
64
80
115
96
96
64
39
20
3
0
0
3
3
0
0
0
3
7
12
20
28
39
51
64
51
39
28
20
12
3
7
3
3
7
3
12
12
12
12
12
20
12
7
7
7
3
3
0
7
7
7
20
64
352
2332
5248
5511
1216
1280
3276
2332
180
64
231
204
871
672
0
20
39
135
51
39
51
28
0
80
320
500
320
115
3
7
51
135
259
204
64
3
3
28
80
156
288
352
259
231
135
7
3
20
64
80
96
80
39
12
3
0
0
0
0
0
3
7
12
20
28
12
0
0
3
12
12
12
12
28
28
28
20
7
0
0
3
12
39
64
115
156
204
288
387
460
423
259
115
7
7
80
135
156
204
259
115
7
0
0
7
39
115
115
64
51
80
180
387
583
672
627
540
500
387
259
156
96
39
3
3
0
0
0
0
0
3
7
12
20
28
39
39
28
20
12
7
3
7
12
20
28
39
51
51
28
7
7
3
3
3
3
7
12
20
12
12
12
12
20
28
28
28
12
3
7
7
7
7
7
7
7
12
12
12
7
12
12
7
12
7
20
20
28
28
28
12
3
0
0
0
0
12
135
871
2247
4380
5644
1155
672
3075
2976
2420
460
156
1843
2784
4147
2163
583
12
672
3276
2420
231
96
387
819
871
768
672
583
672
720
720
540
180
20
0
12
39
39
20
0
3
28
115
288
423
387
423
423
320
204
96
64
28
12
3
0
3
3
20
28
7
0
3
28
64
135
204
231
352
500
540
460
320
231
231
320
423
627
819
871
924
924
980
1036
1216
1344
1344
1280
1155
1095
1095
1095
1095
924
672
460
288
180
180
156
180
231
259
288
320
352
320
320
320
352
423
500
540
627
583
540
500
423
352
352
320
320
259
259
259
259
288
352
387
423
500
540
583
627
720
720
672
500
320
180
96
64
39
28
20
28
28
39
80
135
231
423
627
720
819
819
720
627
583
500
423
387
352
288
231
204
156
135
115
115
135
156
156
204
288
423
583
672
672
627
627
540
540
460
423
352
288
204
156
156
156
180
231
288
288
288
320
387
460
540
583
583
540
460
423
423
540
768
871
672
352
156
180
423
819
980
540
387
1767
6055
5644
2976
39
500
980
627
871
2080
180
204
768
720
387
2080
1036
1095
672
180
0
39
135
231
288
231
64
0
20
80
156
288
423
583
924
1155
1344
1411
1411
1344
1216
1095
819
500
320
204
135
64
51
64
39
39
28
20
20
7
0
0
20
51
115
156
204
259
231
180
115
96
80
96
135
204
352
460
460
460
423
320
231
156
135
135
135
135
96
96
51
28
7
0
3
12
28
39
39
20
3
0
3
12
39
80
115
115
96
80
51
39
28
12
12
12
3
0
0
3
7
12
28
28
39
28
20
7
0
0
7
12
28
39
51
64
64
64
51
39
28
12
7
7
0
0
3
12
28
39
39
51
39
28
20
20
7
0
0
3
12
39
64
96
115
80
51
20
0
0
7
20
39
39
28
28
20
12
3
3
0
0
0
0
0
0
0
0
3
7
3
7
12
12
12
7
3
0
0
0
0
0
0
0
0
3
3
3
7
7
12
20
12
7
3
0
0
0
0
0
0
0
0
0
0
0
3
7
12
28
39
51
80
96
96
231
871
1692
2420
4032
3175
500
20
259
768
1548
1411
627
387
96
1344
4032
96
135
460
5120
39
1036
1920
1095
135
28
288
540
423
135
20
387
1155
1767
1920
1620
1095
819
627
540
460
352
259
135
39
3
3
20
51
51
39
12
0
12
64
96
115
96
96
80
80
64
51
28
20
12
12
12
20
39
64
96
156
231
320
352
320
80
12
0
12
28
39
51
51
64
64
28
28
28
20
39
51
64
80
80
96
180
387
627
768
720
583
423
352
288
259
259
231
231
288
320
288
288
259
180
96
51
20
3
0
0
0
3
0
0
3
0
0
3
7
7
12
28
28
28
39
39
28
28
20
20
12
7
3
0
0
0
7
12
20
28
28
28
39
39
39
39
28
12
7
0
0
7
12
28
39
51
39
28
20
12
0
0
0
0
3
3
3
3
7
3
3
7
12
12
12
12
7
3
3
0
0
0
3
7
7
3
3
7
7
12
20
20
20
20
28
28
28
39
28
20
7
3
0
0
0
0
0
0
0
0
0
0
0
0
0
0
0
0
3
7
12
20
28
28
28
28
39
28
12
3
0
0
0
3
3
3
3
3
3
0
0
0
0
0
0
3
0
7
12
20
20
20
20
20
12
12
7
7
3
3
3
7
12
12
28
96
320
871
2508
5780
4743
2000
20
819
2691
2691
1920
1216
583
387
7
540
1920
2080
871
96
1411
1479
352
0
80
320
460
387
204
51
20
7
3
0
3
12
64
180
288
500
583
500
387
320
352
320
288
320
259
180
231
231
231
259
231
180
156
115
96
96
135
180
259
352
460
627
768
768
627
540
423
288
204
180
96
51
12
0
39
135
320
583
627
320
80
20
3
0
0
0
3
3
3
3
0
3
20
64
156
387
627
720
720
672
672
627
583
423
352
204
156
96
80
51
51
28
20
12
7
3
3
3
7
12
20
39
51
64
64
64
64
39
20
12
3
0
0
0
0
3
3
7
3
12
12
12
20
20
12
7
7
3
3
0
0
3
3
7
7
12
20
28
20
20
20
7
3
3
0
0
0
0
0
0
0
0
0
0
0
0
0
3
3
7
12
20
20
20
12
7
3
3
0
0
0
0
0
3
3
0
3
0
3
0
3
0
3
0
3
3
0
3
7
3
7
7
3
12
7
12
12
7
12
7
7
3
0
0
0
0
3
7
7
12
7
12
7
7
7
7
3
3
0
0
3
7
20
28
28
28
28
28
20
7
7
0
0
3
3
0
3
3
7
7
12
28
51
80
135
135
96
64
20
3
0
7
20
39
64
80
96
115
96
96
80
51
28
20
3
0
3
7
28
39
51
64
80
96
80
288
2000
5379
3920
672
28
51
387
1036
1280
1411
1767
871
180
12
500
3920
6055
5780
1767
819
2599
2976
2163
1479
1095
768
768
980
1344
1620
1767
1620
1411
1411
1411
1479
1620
1692
1548
1479
1280
980
871
672
583
627
672
768
1036
1216
1548
1692
1767
1767
1620
1411
1095
871
720
720
720
720
720
672
627
423
231
12
20
64
135
180
135
64
28
20
12
12
20
39
80
96
115
156
204
320
460
583
720
819
819
627
387
204
80
28
3
0
7
20
51
80
80
80
51
39
20
3
0
12
39
51
80
96
80
64
51
28
20
12
7
0
0
12
39
96
156
204
231
231
204
156
96
64
39
12
0
0
12
20
20
7
7
0
0
3
12
39
64
115
180
259
352
423
423
460
423
320
204
96
39
12
3
0
0
0
0
0
0
3
3
20
39
80
115
180
204
231
231
231
204
180
156
115
80
51
28
12
7
7
7
7
12
20
39
39
51
80
115
135
156
180
180
156
156
135
96
64
39
20
12
12
12
12
12
20
39
64
64
51
64
80
80
96
96
96
80
80
64
28
20
7
3
0
0
0
3
7
12
20
39
51
64
64
51
39
39
51
64
64
64
28
3
3
64
231
924
2163
2420
1155
12
204
819
1620
2247
2000
1411
352
0
20
12
96
460
672
871
1548
1280
720
3
423
2080
1920
819
12
115
288
352
387
387
320
204
115
39
7
0
7
28
64
115
204
320
460
460
460
423
352
259
156
80
39
12
3
0
0
0
0
3
3
3
12
12
28
39
80
115
156
231
259
352
387
540
768
980
1095
1155
1095
980
819
500
204
80
12
7
39
156
352
583
720
871
871
1036
1155
980
672
460
500
672
871
1095
1155
1095
980
871
819
871
871
871
672
540
387
231
115
80
64
51
64
80
96
115
135
115
80
64
51
20
20
12
20
20
20
12
3
7
3
0
0
0
0
0
0
0
12
20
28
39
39
28
12
3
0
0
3
3
7
12
20
28
39
51
51
39
20
7
3
0
3
12
28
28
28
20
7
3
0
0
3
7
12
28
39
51
64
64
51
39
20
3
0
7
20
39
51
64
51
39
28
28
20
12
3
7
3
0
0
7
12
28
28
28
20
7
0
0
3
7
12
12
20
20
12
7
3
0
0
0
0
0
0
0
0
0
0
0
0
0
0
0
0
3
0
0
0
3
7
12
39
96
156
259
460
720
768
583
259
28
3
7
3
0
39
135
204
156
96
80
20
3
39
156
259
135
3
28
156
288
583
1155
1620
980
423
204
135
180
180
64
28
51
115
231
387
627
819
924
768
387
80
0
39
115
204
288
352
387
288
204
180
180
204
204
204
156
64
28
7
0
3
12
12
20
20
12
12
12
20
28
51
80
115
135
96
96
96
80
64
51
28
20
28
28
28
64
115
204
387
627
924
1155
1216
1216
1095
871
768
672
540
387
231
51
0
20
135
352
460
460
500
583
672
720
672
627
627
672
819
1155
1548
1843
1920
1767
1548
1280
1036
871
720
720
672
768
871
980
980
924
871
768
627
500
288
135
51
20
12
7
3
7
20
39
64
96
115
135
96
80
39
28
12
12
7
7
3
7
12
20
20
12
3
3
0
0
0
0
0
0
3
3
7
12
20
28
28
39
51
51
64
51
28
20
7
0
0
0
0
0
0
0
3
0
0
0
0
0
3
7
20
28
39
39
28
28
20
12
3
0
0
0
0
0
0
0
0
0
3
3
7
12
12
20
12
20
51
135
231
259
387
500
627
720
320
0
156
583
980
1155
819
352
115
12
64
288
1344
4992
6055
3699
1095
2508
2784
320
231
1344
1920
1692
1095
540
320
231
231
259
320
352
423
500
583
672
819
924
924
924
819
768
672
627
583
540
460
460
500
500
500
500
500
460
423
423
387
320
288
231
180
80
51
39
20
39
64
135
231
352
540
583
672
720
768
819
871
924
980
980
1036
924
924
924
980
1095
1344
1620
1920
2080
2080
1843
1548
1095
720
423
135
0
28
231
627
819
720
500
352
352
387
460
387
288
204
180
204
259
288
259
231
204
204
180
180
204
180
180
156
135
80
64
64
64
80
96
135
180
231
259
231
204
180
135
115
96
64
39
20
3
0
0
0
0
0
0
0
0
3
7
12
12
20
20
12
3
0
0
3
12
12
20
20
28
28
39
39
51
51
80
80
80
64
51
39
28
12
3
3
3
3
3
7
12
20
51
64
96
96
115
156
180
180
180
156
115
80
80
39
20
12
7
12
12
12
20
39
39
39
39
51
64
51
51
51
39
28
20
7
3
0
0
0
3
0
0
0
3
7
20
20
3
156
1411
4032
4867
2332
12
1036
2332
1920
819
583
583
288
28
231
627
720
28
583
4743
2784
460
0
96
320
540
583
540
352
96
3
12
64
156
180
80
12
12
115
320
720
1095
1411
1767
1843
1843
1479
1036
540
180
12
12
51
80
80
51
12
0
7
12
51
115
180
204
204
135
64
20
3
0
7
12
20
28
28
20
3
0
3
12
51
96
156
288
387
460
460
423
320
204
135
80
51
39
28
39
51
80
115
231
387
583
924
1216
1620
1843
1843
1620
1280
871
540
231
20
12
115
387
768
1095
1155
1095
924
768
720
768
720
627
540
423
352
288
352
423
500
627
819
1036
1216
1155
1036
924
768
627
583
540
423
387
352
288
231
180
135
115
80
80
80
51
51
51
51
51
64
39
20
12
7
0
0
0
0
3
7
12
20
28
64
80
115
135
115
96
80
51
28
7
3
0
3
7
20
20
28
20
12
12
7
7
3
3
3
0
0
0
0
0
0
0
0
0
0
0
0
3
3
7
20
28
28
39
39
28
28
28
28
39
28
28
20
20
3
0
20
115
135
39
0
39
80
39
3
96
352
583
871
1479
2163
1620
540
96
0
51
135
51
20
12
3
180
924
1344
1411
231
1036
2332
924
352
156
80
20
0
12
28
28
3
3
28
80
80
39
3
12
96
231
387
460
423
423
423
500
672
768
768
672
627
540
387
288
180
96
64
39
39
51
64
96
115
135
96
80
64
64
51
39
28
28
28
28
20
20
20
28
28
51
51
80
115
180
259
352
423
460
460
387
288
180
115
64
39
28
12
7
3
3
0
0
0
3
3
7
3
7
7
3
0
0
7
12
20
28
39
39
39
51
64
64
96
115
180
231
288
387
540
583
720
720
819
768
768
768
768
768
768
672
627
540
423
352
204
156
135
135
115
80
64
51
39
20
12
7
12
7
7
12
20
28
51
80
115
156
204
204
231
231
259
231
180
135
115
96
80
80
80
64
80
96
115
115
96
115
96
96
96
80
64
51
51
51
39
39
39
39
51
80
96
135
180
204
204
204
180
135
115
96
64
51
28
20
12
7
3
0
0
0
3
7
7
12
12
20
39
51
51
80
115
156
204
204
819
5120
6624
3484
64
460
1620
2000
2332
3380
3075
1548
980
871
1620
819
204
1155
720
64
39
231
540
871
1036
1036
819
672
540
583
583
720
924
1095
1344
1479
1767
2163
2247
2163
1920
1479
819
423
115
7
0
3
7
3
0
0
12
64
135
288
423
460
460
387
259
180
115
80
51
28
28
20
28
39
51
64
51
64
80
115
231
352
540
819
1095
1344
1479
1479
1344
1036
768
583
460
423
423
500
627
768
871
924
980
924
871
768
720
540
288
135
28
3
0
0
3
20
96
231
460
672
819
871
871
871
819
672
39
8160
7220
5120
6336
3808
288
1095
4380
4147
3591
3175
2784
2599
2599
1095
1692
2000
1920
1843
1843
1767
1692
1620
1548
1479
1411
1411
1411
1344
1344
1280
1280
1216
1155
1155
1155
1095
1095
1095
1036
1095
1036
1036
1036
1036
980
980
980
980
980
924
924
924
924
924
924
871
924
871
871
871
871
819
819
871
819
819
768
819
819
819
819
768
768
768
768
768
768
768
768
720
720
672
720
720
720
720
672
672
672
720
672
672
672
672
672
627
627
672
672
627
627
627
627
627
627
627
583
627
627
627
583
583
627
583
583
583
540
583
583
583
583
540
583
583
583
540
540
583
540
540
540
540
540
540
540
540
540
540
540
500
540
500
500
500
500
500
500
500
500
500
500
460
460
500
500
460
423
500
460
460
460
460
460
460
460
460
460
460
460
460
460
423
460
460
423
460
423
423
423
460
423
423
423
423
423
460
423
423
423
423
423
387
423
387
423
423
387
387
423
423
423
387
423
423
423
387
387
387
387
387
387
387
387
387
387
387
387
387
423
387
387
387
387
387
387
387
387
387
387
387
387
387
387
387
387
352
387
387
352
387
387
387
387
387
352
352
387
352
352
352
352
352
352
352
352
352
352
352
352
387
352
352
352
352
352
352
320
352
352
352
352
320
352
320
320
352
320
320
352
320
320
320
352
320
320
320
320
320
320
320
320
320
320
320
320
320
320
320
320
320
320
320
320
320
320
288
288
320
320
288
288
288
288
320
320
320
288
288
288
288
288
288
288
288
288
288
288
288
288
288
288
288
288
288
288
288
288
288
288
288
288
259
259
288
259
259
259
259
259
259
259
259
259
259
259
259
259
259
259
259
259
259
259
259
259
259
259
259
259
259
231
259
259
259
231
231
259
259
259
259
259
259
231
259
259
231
231
231
259
231
231
231
231
231
259
259
231
231
231
231
231
231
231
231
231
231
231
231
231
231
231
231
231
231
231
231
204
204
231
204
231
231
259
204
204
204
231
204
204
204
204
204
204
204
204
204
204
204
204
204
204
204
204
204
204
204
204
204
204
204
204
204
204
204
180
180
180
180
204
180
180
180
180
180
204
180
180
180
180
204
180
180
180
180
180
180
180
180
180
180
180
180
180
180
180
180
180
180
156
180
180
156
156
180
156
180
180
156
180
156
156
156
180
156
156
156
180
156
156
156
156
156
156
156
156
156
156
156
156
156
156
156
156
156
156
156
156
156
156
156
135
156