9776
9746
9743
9720
9694
9680
9681
9683
9641
9581
9578
9581
9606
9628
9602
9630
9632
9714
9719
9820
9799
9914
9867
9845
9779
9845
9859
9947
9928
9976
9910
9944
9917
9896
9911
9927
9881
9845
9835
9850
9864
9869
9844
9858
9831
9850
9819
9833
9830
9870
9813
9782
9719
9770
9760
9812
9795
9842
9790
9825
9806
9814
9819
9867
9815
9775
9760
9794
9802
9837
9829
9843
9826
9848
9851
9842
9871
9907
9886
9822
9801
9838
9861
9873
9887
9906
9891
9886
9878
9857
9892
9927
9901
9867
9874
9862
9891
9882
9898
9911
9892
9881
9888
9893
9926
9951
9934
9902
9882
9938
9996
10043
10059
10127
10122
10236
10216
10225
10203
10136
10110
10125
10127
10240
10280
10276
10273
10284
10256
10265
10262
10243
10271
10245
10228
10200
10176
10182
10205
10212
10213
10312
10279
10352
10316
10390
10396
10497
10462
10542
10523
10540
10545
10479
10473
10371
10323
10191
10188
10113
10135
10102
10051
10050
10017
9998
10035
10016
10025
10026
10007
9982
9977
9979
10005
10000
9987
9971
9961
9947
9989
9954
9974
9975
9951
9924
9942
9928
9966
9951
9932
9908
9903
9908
9947
9936
9960
9977
9942
9905
9900
9933
9951
9935
9907
9932
9925
9915
9956
9945
9962
9976
9958
9930
9943
9934
9956
9952
9927
9976
9997
10002
10074
10135
10169
10253
10240
10285
10270
10256
10235
10164
10126
10159
10161
10308
10385
10434
10448
10425
10397
10375
10400
10434
10464
10440
10416
10421
10416
10362
10399
10374
10396
10371
10340
10331
10344
10331
10360
10351
10308
10369
10331
10364
10375
10425
10410
10436
10381
10374
10355
10350
10355
10292
10245
10204
10182
10097
10116
10070
10088
10081
10023
10024
10038
10020
10059
10046
10011
10011
10003
9985
10036
10057
10080
10048
10015
9997
9996
10003
10037
10017
9992
9995
9981
9954
9984
9984
10005
9992
9968
9980
9993
9966
10008
9999
9985
9988
9980
9952
9994
9999
10026
10010
9988
9979
9981
9974
10006
10000
9975
9998
9993
9968
10007
10020
10043
10014
9986
10010
10034
10006
10029
10026
9993
9982
9952
9943
9991
10036
10063
10180
10139
10239
10269
10256
10306
10336
10318
10355
10305
10315
10332
10356
10378
10391
10367
10351
10363
10314
10337
10340
10326
10347
10328
10344
10383
10405
10416
10409
10377
10382
10396
10408
10439
10472
10447
10431
10432
10430
10465
10484
10505
10501
10474
10516
10520
10492
10528
10543
10523
10524
10519
10523
10554
10557
10567
10581
10545
10527
10542
10532
10576
10600
10565
10554
10544
10540
10566
10576
10587
10588
10542
10553
10549
10526
10551
10570
10539
10524
10504
10505
10544
10542
10551
10554
10514
10518
10517
10513
10544
10568
10526
10518
10507
10509
10524
10548
10540
10616
10552
10681
10685
10802
10848
10963
10920
10932
10885
10839
10832
10711
10687
10571
10568
10468
10479
10419
10449
10423
10402
10395
10362
10333
10371
10351
10359
10360
10322
10294
10293
10280
10302
10307
10250
10234
10203
10193
10207
10201
10182
10190
10122
10127
10118
10121
10128
10142
10106
10099
10088
10077
10100
10103
10119
10142
10104
10083
10089
10070
10102
10099
10070
10054
10048
10037
10074
10062
10076
10091
10060
10034
10053
10043
10056
10053
10033
10029
10019
10008
10037
10030
10048
10054
10027
10003
10008
9996
10036
10027
10005
10001
9990
9984
10033
10021
10056
10065
10051
10030
10046
10028
10055
10040
10014
10010
9989
9985
10017
10013
10017
10039
10004
10007
10015
10009
10038
10038
10017
10045
10063
10105
10180
10307
10386
10627
10669
10946
11063
11379
11505
11854
11922
12400
12376
12787
12776
13021
12971
12924
12848
12763
12746
12698
12705
12720
12688
12703
12697
12633
12642
12571
12627
12543
12510
12294
12240
11885
11845
11479
11384
11063
10990
10715
10710
10521
10525
10390
10343
10268
10256
10233
10254
10269
10252
10292
10278
10277
10286
10295
10321
10359
10349
10441
10453
10548
10596
10658
10639
10698
10678
10671
10697
10680
10683
10646
10615
10570
10567
10509
10534
10472
10453
10424
10399
10347
10352
10318
10345
10375
10352
10493
10480
10768
10844
11127
11185
11591
11607
12044
12162
12611
12651
12975
12941
13105
13104
13008
13011
12864
12850
12765
12722
12679
12661
12633
12643
12652
12607
12652
12647
12638
12680
12622
12598
12400
12344
12012
12016
11673
11606
11305
11207
11007
10976
10820
10838
10719
10701
10649
10626
10593
10598
10596
10631
10639
10625
10649
10657
10639
10666
10656
10629
10636
10635
10614
10649
10632
10646
10619
10590
10590
10591
10528
10558
10522
10519
10498
10483
10451
10467
10443
10485
10467
10464
10488
10526
10556
10612
10747
10754
10920
10962
11217
11306
11617
11680
12035
12092
12483
12438
12693
12646
12772
12710
12643
12544
12309
12239
11935
11903
11696
11614
11408
11353
11267
11261
11253
11229
11294
11307
11426
11503
11512
11572
11460
11464
11345
11342
11201
11231
11110
11096
10966
10925
10813
10798
10684
10714
10637
10617
10562
10575
10520
10548
10530
10527
10534
10539
10536
10559
10559
10577
10570
10559
10566
10560
10532
10581
10564
10568
10547
10507
10478
10468
10454
10458
10453
10410
10415
10405
10398
10408
10404
10383
10372
10373
10366
10371
10355
10378
10373
10359
10359
10343
10327
10362
10354
10363
10348
10327
10315
10326
10319
10344
10328
10295
10284
10306
10305
10339
10340
10337
10314
10318
10300
10321
10300
10352
10336
10326
10316
10299
10286
10342
10325
10359
10331
10333
10281
10297
10166
10242
9859
9941
9534
9689
9599
9820
10598
11180
11708
11913
12786
12653
13152
13017
13080
13027
12983
12998
12866
12949
12943
13022
13022
13054
13032
13100
13171
13236
13376
13352
13480
13405
13456
13289
13285
12954
12933
12569
12500
12243
12113
11966
11824
11688
11544
11527
11387
11432
11350
11373
11329
11347
11313
11363
11292
11356
11309
11316
11277
11295
11260
11320
11283
11297
11258
11201
11143
11103
11069
11053
11012
10927
10891
10829
10798
10793
10761
10741
10714
10647
10626
10629
10585
10616
10560
10548
10509
10511
10491
10547
10517
10550
10388
10425
10097
10222
9819
9988
9739
9999
9985
10402
11209
11750
12381
12691
13145
13252
13416
13542
13751
13858
14153
14192
14226
14198
14124
14131
14099
14057
14103
14014
13990
13931
13871
13780
13759
13579
13556
13370
13305
13166
13094
12897
12869
12521
12465
12132
11954
11701
11429
11215
10973
10855
10715
10694
10674
10559
10632
10525
10595
10625
10639
10697
10669
10671
10659
10671
10676
10741
10756
10786
10805
10784
10774
10754
10704
10718
10656
10605
10535
10499
10434
10459
10410
10422
10368
10329
10273
10286
10233
10267
10209
10208
10157
10202
10149
10266
10191
10354
10166
10292
9970
10166
9874
10027
9660
9965
9886
10525
10574
11162
11879
11909
12488
12289
11669
11494
10828
10737
10768
10724
10874
10870
10948
11007
11050
11060
11181
11104
11258
11205
11281
11299
11334
11268
11306
11259
11301
11265
11316
11286
11294
11211
11258
11167
11196
11030
11027
10705
10579
10268
10014
9783
9563
9392
9322
9174
9298
9254
9632
9615
10058
9941
10225
10183
10321
10351
10386
10373
10387
10336
10343
10327
10330
10341
10339
10307
10315
10302
10288
10320
10302
10315
10299
10275
10257
10251
10230
10258
10240
10224
10185
10173
10137
10163
10119
10152
10087
10105
10034
10080
10041
10142
10047
10137
9876
10085
9925
10184
10336
10830
10980
11300
11945
12121
12772
12943
13213
13345
13167
13192
12905
12983
12886
12993
12935
12969
12843
12848
12765
12790
12752
12746
12720
12671
12679
12653
12687
12642
12641
12512
12499
12390
12406
12380
12355
12342
12335
12328
12317
12267
12286
12272
12347
12300
12384
12360
12389
12384
12385
12346
12364
12337
12393
12430
12463
12467
12488
12423
12452
12393
12415
12425
12418
12409
12419
12395
12417
12401
12420
12438
12453
12418
12434
12431
12468
12502
12537
12535
12547
12537
12542
12549
12548
12528
12542
12505
12527
12496
12508
12492
12500
12466
12478
12445
12462
12466
12490
12532
12558
12554
12569
12573
12567
12582
12604
12585
12609
12608
12608
12619
12623
12612
12629
12561
12571
12531
12504
12478
12460
12422
12442
12396
12401
12428
12413
12478
12456
12414
12421
12418
12423
12437
12433
12403
12396
12384
12382
12363
12372
12393
12379
12357
12332
12299
12305
12327
12341
12338
12343
12280
12262
12203
12194
12182
12185
12134
12158
12157
12160
12155
12136
12038
12024
11750
11685
11391
11217
11063
10825
10754
10541
10549
10474
10628
10755
10870
11169
11273
11466
11529
11614
11657
11644
11667
11616
11668
11619
11688
11639
11671
11630
11603
11552
11527
11477
11493
11423
11395
11314
11293
11223
11277
11221
11261
11227
11247
11225
11250
11226
11256
11245
11221
11194
11200
11173
11213
11201
11212
11197
11161
11140
11143
11134
11172
11161
11139
11133
11123
11102
11137
11117
11151
11129
11121
11103
11100
11095
11116
11117
11086
11080
11063
11067
11078
11095
11086
11094
11047
11029
11019
11043
11052
11073
11019
11034
11020
11048
11076
11097
11087
11113
11064
11075
11054
11040
11063
11059
11021
11021
10988
10986
10997
10992
10976
10972
10938
10888
10881
10914
10924
10927
10885
10878
10875
10875
10909
10903
10931
10931
10891
10891
10905
10895
10932
10930
10901
10904
10895
10889
10925
10918
10923
10918
10890
10841
10853
10872
10904
10909
10878
10869
10846
10815
10854
10859
10879
10863
10829
10825
10839
10821
10858
10858
10828
10814
10814
10809
10841
10830
10868
10853
10842
10832
10844
10835
10870
10878
10852
10843
10835