-14
-20
-11
-30
-31
-57
-8
17
66
58
46
49
37
-4
14
-36
-42
-65
-40
-32
-5
35
65
52
36
32
-3
-5
-15
-2
-7
-47
-28
-15
-18
-23
-25
-21
-68
-78
-10
33
79
85
115
104
81
64
56
26
-21
-74
-57
-31
-33
2
27
40
22
0
18
-12
-33
-13
-37
-20
-51
-30
-11
-4
-21
-33
-44
-63
-54
-22
42
71
96
125
93
48
54
31
16
-74
-101
-148
-148
-74
-54
-36
-37
-10
19
-13
-19
-25
-71
-43
-27
-37
-28
-28
-6
47
76
94
133
188
277
317
346
369
323
277
248
206
184
110
66
29
24
41
37
70
72
32
60
49
53
42
42
74
60
82
98
84
80
116
83
85
85
149
186
210
201
165
119
118
150
162
156
136
140
176
226
258
295
262
223
158
108
89
41
14
-15
1
16
36
64
78
50
57
79
125
144
143
147
101
92
75
75
64
38
10
-23
-24
-6
10
23
9
-6
-32
-51
-72
-107
-84
-95
-72
-72
-43
-31
-22
15
46
90
133
172
190
161
148
122
130
99
31
-27
-75
-100
-85
-95
-97
-121
-131
-142
-124
-165
-151
-141
-108
-70
-38
-3
17
36
105
161
172
213
203
156
143
94
29
-1
-79
-105
-147
-190
-182
-161
-130
-126
-124
-96
-69
-54
-37
-1
9
24
88
108
133
90
78
121
165
154
109
45
-57
-145
-202
-268
-343
-471
-545
-502
-476
-437
-361
-291
-216
-131
-68
22
91
139
207
234
258
94
-38
-6
185
300
432
676
889
744
880
1430
1826
1941
2170
2235
1960
1515
1428
1445
893
362
65
-629
-1497
-1955
-1858
-1809
-2152
-2377
-2276
-2108
-1734
-969
-114
636
2440
4574
5934
6166
5385
4392
3391
2454
1611
-264
-2193
-3244
-3451
-2851
-1931
-1066
-508
-428
-326
-309
-402
-494
-599
-703
-728
-800
-783
-770
-725
-644
-614
-617
-695
-780
-838
-875
-887
-895
-988
-1079
-1039
-748
-437
-136
53
416
1000
1679
2282
2562
2661
2887
3216
4103
4790
4777
4358
3836
3440
2836
1900
730
-779
-2136
-3163
-3747
-3927
-3781
-2973
-2153
-1212
-268
610
1498
2263
2820
3493
4519
6231
7471
7454
6356
4640
2591
493
-1358
-3557
-6018
-7856
-8459
-7961
-6789
-5255
-3669
-2651
-2010
-1646
-1396
-1186
-1131
-1021
-863
-694
-595
-549
-537
-533
-524
-503
-457
-468
-559
-551
-589
-565
-523
-564
-533
-509
-519
-431
-305
-190
-145
-125
-92
-80
-285
-371
-232
41
386
717
1260
2072
2897
3684
4273
4575
4722
5084
5227
4530
3286
2093
762
-553
-1651
-2870
-4384
-5705
-6317
-6176
-5964
-5253
-4213
-3321
-2416
-1472
-414
766
1451
2186
3309
4910
6292
6727
6733
6140
4803
3430
2141
565
-1437
-3244
-4091
-4528
-4399
-3734
-2902
-2331
-1921
-1765
-1634
-1434
-1188
-888
-645
-490
-386
-426
-465
-447
-429
-467
-525
-528
-505
-483
-427
-393
-403
-448
-451
-493
-534
-575
-634
-693
-759
-904
-1001
-909
-853
-970
-829
-78
723
1588
3724
6892
9232
10551
11365
11176
10041
8949
7956
5969
2833
357
-1034
-1628
-1567
-1298
-1168
-970
-624
-576
-744
-986
-1475
-1809
-1789
-1420
-731
-70
1273
3439
5378
6883
7708
7591
6846
5074
2733
444
-2330
-4671
-6405
-7455
-7652
-7447
-6723
-5827
-5219
-4696
-4308
-3822
-3517
-3419
-3205
-2978
-2855
-2784
-2763
-2812
-3022
-3248
-3238
-3213
-3319
-3450
-3616
-3774
-3721
-3453
-3009
-2685
-2646
-2605
-2324
-1854
-1473
-1399
-1460
-1567
-1716
-1667
-1446
-1033
-1042
-1068
-485
596
1253
1702
2939
4258
5428
6775
8067
8917
8841
8745
8954
8258
7413
6260
5097
3969
2925
2353
2233
1851
1355
749
46
-570
-1140
-1654
-2343
-2571
-2613
-2532
-2374
-1879
-1515
-1204
-1152
-1042
-1393
-1646
-1829
-1827
-1760
-1707
-1599
-1197
-401
363
852
1118
1225
1145
1120
1000
715
258
-91
-321
-258
-339
-323
-10
159
45
-80
-316
-515
-784
-735
-590
-357
-428
157
526
363
317
474
220
39
-430
-114
-133
-225
126
368
274
416
503
640
591
376
148
-90
-281
-353
-464
-715
-913
-706
-247
692
1301
1592
1802
1971
2241
2365
2138
1670
772
331
148
-36
-188
-313
-352
-399
-485
-560
-709
-768
-895
-1011
-1179
-1422
-2020
-2886
-3331
-3478
-3818
-3996
-4077
-4196
-4099
-3311
-2447
-1991
-1607
-796
-50
597
1299
1989
2393
3173
4050
4761
5117
5310
5401
5266
4771
3986
3087
2226
1454
938
602
319
6
-355
-565
-389
-268
-421
-760
-1050
-1338
-1320
-925
-531
-458
-348
-109
-35
-130
-124
-132
-315
-443
-602
-782
-995
-949
-690
-379
-92
398
1097
2073
2856
3505
4007
4571
5230
6156
7446
8176
7892
7202
6271
5993
5930
5377
4411
3025
2142
1993
2433
3333
3601
3186
2876
2564
1969
1198
594
-68
-712
-1319
-1728
-1884
-1742
-1388
-1162
-1321
-1624
-1873
-2188
-2665
-3399
-4171
-4891
-5532
-6028
-6094
-6111
-6208
-6065
-5481
-5094
-4764
-4347
-3927
-3694
-3385
-2892
-2334
-1995
-1693
-1427
-1167
-816
-226
354
665
2057
4879
7084
8980
11788
14191
16029
17493
18792
18795
17921
17368
17360
16570
16674
16356
15332
14803
14359
13005
11857
10399
8704
6304
4506
3608
2346
636
-1476
-3706
-5766
-7625
-9475
-12004
-15124
-18190
-20282
-21985
-23595
-25217
-26599
-26908
-25654
-23496
-20667
-18118
-15096
-11827
-8767
-5944
-3749
-2366
-1451
-989
-600
-314
-176
119
406
489
846
1804
3541
5090
6471
8259
9893
10868
11929
13087
13623
12968
12090
11674
10309
8402
7367
6960
6009
4934
5030
6344
9106
13240
17017
19716
21370
22170
22628
21990
20411
16869
12351
8658
5743
3156
1714
999
176
-1151
-2858
-4798
-6353
-8060
-10148
-12969
-16432
-20140
-23050
-24552
-25294
-25564
-25543
-25063
-23624
-21376
-18077
-14899
-12402
-10125
-8481
-6721
-5379
-4402
-3632
-3183
-2741
-2489
-2303
-2154
-2255
-1945
-1467
-1020
-635
-340
28
401
902
1838
3011
4809
6499
8865
11340
12798
13818
16949
17925
18936
18373
17410
15709
15207
15723
16409
14886
14308
12897
11562
10910
10479
8713
6794
4979
3065
1912
1201
1182
606
-616
-2469
-4518
-6087
-7243
-8463
-10235
-12565
-14960
-16473
-16769
-16611
-16756
-17488
-18345
-18302
-17221
-15576
-13966
-12758
-11592
-10309
-8740
-6858
-5273
-4169
-3133
-2285
-1612
-1017
-640
-334
-200
-247
-235
-174
-156
-146
92
819
1464
1874
2293
3020
3890
5168
6412
7292
8318
9963
12160
12748
12912
14774
18247
20289
21911
22199
21366
19474
19716
19976
18275
14233
11501
9199
7522
6280
5710
4728
3904
2987
2158
1371
513
-684
-1822
-2992
-3959
-4917
-6287
-7868
-9618
-11697
-14064
-16505
-18894
-20462
-22342
-23005
-22796
-22773
-22414
-20926
-18793
-16265
-14396
-11889
-10236
-9049
-7382
-5492
-3911
-2875
-2155
-1664
-1600
-1389
-1350
-1367
-1380
-1340
-1195
-1132
-1241
-1336
-1220
-943
-704
-647
-708
-813
-758
-607
-461
-565
-748
-846
-783
-653
-526
-465
-503
-489
-435
-379
-392
-354
-294
-211
-166
-111
-54
-75
-66
40
133
201
215
259
257
173
192
237
213
150
19
-9
-66
-59
14
37
-20
-23
-63
-65
-138
-154
-201
-225
-273
-224
-211
-226
-203
-119
22
180
198
255
189
170
194
182
150
58
-89
-79
-48
29
48
97
48
29
-46
0
-11
-77
-79
-17
-57
1
-17
-24
-2
62
126
172
160
194
152
138
163
116
2
-34
-22
-37
-30
15
51
60
35
20
-6
-69
-113
-83
-75
-110
-106
-25
-30
-69
-74
2
29
76
133
153
80
115
147
107
38
-20
-69
-68
-34
38