-12
-16
-6
-15
-21
-1
-33
-80
-54
-67
-71
-85
-91
-65
-93
-76
-45
-74
-38
-11
-17
-27
-50
-5
30
59
92
125
144
194
232
245
223
188
172
127
43
-24
-36
-70
-48
-28
-18
-35
-16
14
41
18
2
-103
-146
-199
-248
-297
-333
-379
-404
-418
-381
-297
-239
-148
-5
44
12
-230
-417
-572
-754
-801
-831
-869
-853
-759
-432
-159
104
413
635
720
614
513
525
603
676
629
444
272
266
417
597
639
558
488
519
610
637
613
558
478
420
363
332
296
204
172
130
88
23
2
30
70
87
111
95
85
57
96
116
122
156
140
109
105
73
112
100
106
91
61
104
179
276
372
425
501
607
757
823
879
912
916
944
973
984
914
790
710
638
571
492
419
329
267
213
203
177
137
116
101
93
99
86
78
45
13
-2
-22
-5
-19
-20
-30
-30
8
18
38
40
10
24
31
35
23
-3
16
26
-4
21
7
-10
-19
4
-6
-43
-56
-29
-50
-48
-48
-37
-40
-43
-33
-46
-30
-13
-27
-42
-9
-15
5
5
-7
-22
0
20
27
15
26
19
35
44
70
38
37
55
46
37
49
38
44
23
31
23
11
-18
-14
-30
-17
1
3
20
1
3
5
16
26
-5
1
14
-31
4
23
48
43
42
65
49
32
48
24
11
-10
-54
-80
-152
-256
-387
-514
-653
-836
-1037
-1226
-1451
-1603
-1713
-1804
-1871
-1970
-2090
-2148
-2111
-2068
-2171
-2305
-2254
-2137
-1886
-1514
-1213
-980
-724
-342
24
195
287
321
275
284
270
274
244
267
322
360
515
931
1072
1008
739
539
464
395
360
516
517
525
635
859
1028
1126
1260
1409
1206
977
988
1051
1155
1255
1242
1128
960
763
536
329
230
183
150
177
218
288
380
456
492
469
402
400
373
354
245
43
-75
-115
-99
-71
-143
-226
-310
-285
-130
-106
-116
-160
-212
-200
-195
-158
-117
-100
-66
-78
-85
-51
-33
-8
30
-1
-29
1
17
23
-4
-26
3
-37
-17
18
0
-15
28
74
69
34
46
18
14
7
52
17
4
8
0
6
27
1
-5
-17
-11
-23
0
5
-6
-16
-7
-20
-52
-39
-10
73
125
237
274
238
343
895
851
819
528
237
-49
-115
90
181
-270
-265
-287
-155
70
238
198
11
-155
-163
-24
85
-149
-957
-1638
-2190
-2557
-2854
-3138
-3366
-3513
-3223
-2376
-1733
-1196
-846
-587
-397
-341
-314
-281
-333
-310
-240
-233
-210
-155
-139
-86
-118
-43
14
49
119
156
153
191
181
176
154
155
176
152
112
104
89
116
136
130
107
83
63
76
74
106
95
93
88
92
108
216
715
1544
2498
3091
3239
2672
2168
2118
2128
1674
867
-37
-635
-878
-399
43
-7
-182
-279
-346
-445
-499
-430
-337
-243
-158
-85
-74
-85
-31
-23
-47
-54
-105
-114
-148
-115
-46
-72
-74
-50
-70
-30
-6
5
25
15
34
103
146
134
-69
-509
-868
-1119
-1384
-1542
-2048
-2232
-2098
-1896
-1476
-1174
-1060
-942
-919
-533
-448
-578
-627
-651
-595
-499
-397
-265
-200
-155
-140
-131
-106
-73
-46
5
-16
14
68
67
91
75
54
36
-2
19
30
-19
18
-1
10
12
39
83
92
109
173
174
246
332
367
623
1939
2981
2391
823
-331
-214
281
805
886
-303
-1306
-687
818
1974
1796
1200
614
280
139
87
2
5
-14
-2
53
67
45
32
25
37
52
44
68
47
98
112
114
126
153
181
174
143
121
114
105
129
135
124
152
213
310
424
551
398
68
-265
-806
-1295
-1640
-1816
-1848
-1961
-1884
-1628
-1350
-892
-545
-323
-321
-488
-609
-610
-597
-580
-493
-461
-439
-370
-276
-208
-157
-114
-59
-55
19
79
94
113
114
142
149
131
118
89
73
72
68
85
83
43
43
29
52
59
51
39
56
72
93
109
154
205
230
242
162
192
734
1817
2639
3051
2961
2712
2634
2683
2560
1942
876
9
-498
-514
-343
-307
-317
-285
-275
-294
-304
-254
-204
-123
-42
-16
-44
-1
16
49
67
48
13
-71
-57
6
58
66
121
159
148
103
94
28
-52
-155
-192
-291
-389
-399
-379
-351
-292
-225
-181
-121
-91
-56
-41
-79
-396
-614
-752
-910
-1229
-1742
-2064
-1874
-1686
-1360
-1167
-985
-797
-504
45
431
255
78
12
15
-26
-29
-32
-67
-139
-116
-41
37
51
51
36
16
34
64
44
31
7
3
16
-12
-5
-24
-4
-21
-50
-38
-29
-23
26
12
18
33
68
112
121
129
158
225
360
377
449
765
1464
2251
2856
3026
2700
2192
1985
1722
1262
483
-329
-980
-1288
-1113
-748
-545
-412
-315
-266
-252
-182
-46
-7
-12
-12
46
122
121
125
105
127
166
216
254
227
191
194
211
212
223
246
217
172
191
195
216
237
239
187
140
143
112
31
-59
-193
-547
-953
-1281
-1491
-1876
-2412
-2734
-2527
-2278
-1950
-1490
-1122
-858
-412
200
627
502
327
297
209
138
74
-8
-96
-155
-154
-110
-99
-83
-46
-34
-11
28
18
18
17
19
18
-2
12
-12
-40
-18
-29
-23
-2
24
61
50
101
150
152
216
289
396
490
524
850
1557
2099
2406
2223
1754
1539
1448
1267
834
61
-515
-876
-746
-353
-291
-345
-247
-141
-117
-118
-95
-128
-155
-111
-75
-27
-20
14
6
20
40
79
52
106
88
118
106
113
145
173
188
215
174
170
145
109
128
78
69
39
23
-4
-31
-84
-80
-130
-191
-417
-805
-941
-928
-1259
-1898
-2084
-1900
-1882
-1759
-1347
-1170
-1159
-798
-69
215
122
227
349
354
372
367
365
336
292
267
241
188
183
117
113
73
44
7
-9
-17
-30
-34
-38
-51
-18
-5
22
38
48
89
87
69
94
115
120
135
103
165
332
560
1452
1792
2060
2186
2091
1862
1673
1433
1190
397
94
-199
-390
-330
-98
-25
33
-63
-207
-276
-259
-160
-126
-139
-81
-46
96
187
226
214
212
190
231
224
197
169
152
140
113
83
42
-13
-82
-132
-192
-243
-288
-326
-410
-546
-847
-1208
-1233
-1107
-1456
-2146
-2462
-2145
-1885
-1327
-788
-619
-647
-203
539
845
585
482
241
109
-5
-68
-128
-157
-79
-69
-76
-63
-61
-7
-8
1
7
-35
-36
-3
-12
-2
-34
-50
-36
9
2
27
10
34
3
13
55
52
35
117
229
431
873
1840
2468
2707
2284
1380
663
144
-53
-318
-1167
-1760
-2070
-1704
-787
3
460
504
317
199
140
199
261
277
181
96
60
60
111
194
269
333
319
283
327
351
349
340
256
189
129
108
136
117
60
56
44
72
32
-19
-87
-206
-315
-582
-650
-830
-1162
-1494
-1770
-1972
-1911
-1619
-1123
-963
-728
-411
-43
264
528
545
341
136
27
-21
-3
-15
14
-7
30
68
109
161
144
141
140
151
157
128
55
-15
-88
-131
-312
-520
-783
-1056
-1431
-1840
-2257
-2298
-2142
-1860
-1545
-1268
-966
-517
4
516
645
586
515
458
484
506
532
537
551
576
576
617
636
605
582
515
464
390
347
302
249
194
202
253
336
411
465
502
563
547
558
500
394
301
187
116
60
23
55
57
157
241
298
381
408
425
406
385
386
324
269
221
157
128
82
65
19
-27
-43
-51
-14
14
71
116
140
159
211
217
250
208
202
179
172
177
166
154
148
130
137
111
88
67
54
39
38
6
1
12
44
55
63
67
93
87
132
151
132
151
131
146
158
152
160
140
125
122
80
102
80
48
61
47
46
58
52
57
32
40
62
64
59
51
32
31
11
35
43
35
26
17
43
44
61
106
110
110
98
111
124
115
122
108
71
77
46
54
54
24