0
-23
-9
21
20
13
0
-30
-13
-31
25
26
-16
7
-46
-16
18
-16
42
11
-10
20
-36
41
-5
-14
38
-6
-11
4
-42
-15
-34
0
32
7
-6
-14
-53
-19
-21
-24
2
-40
-72
-61
-105
-66
-90
-136
-149
-229
-261
-283
-392
-457
-642
-869
-1169
-1612
-2275
-3268
-4737
-6941
-10619
-16775
-27978
16360
-21433
13973
21268
22975
25289
29155
-29574
-18082
3192
-24266
6459
12
-508
-818
-825
-1111
-1122
-965
-656
63
380
657
853
656
157
-198
-649
-3016
-5047
-5475
-5573
-5432
-5132
-4743
-4372
-3632
-1128
700
1242
1358
1296
1038
773
553
236
-113
-359
-223
89
376
473
347
444
831
1092
928
496
140
-94
-19
592
1097
1213
1439
1902
2257
2427
2517
2556
2380
2020
1621
1266
960
892
999
1072
1059
1069
1011
992
880
688
343
108
-45
-154
-200
-172
-121
-36
9
122
209
175
133
57
30
60
105
133
181
184
180
248
230
200
175
37
-29
-216
-540
-822
-988
-804
-237
-7
62
244
515
823
1230
1471
1377
918
734
562
70
-481
-967
-1555
-2184
-2523
-2484
-2507
-2448
-2076
-1644
-1225
-736
-201
73
-19
-58
11
-7
-111
-96
-141
-220
-230
-276
-221
-90
-54
58
106
104
169
174
160
151
119
26
-28
-54
6
85
114
146
162
73
97
101
46
1
-117
-197
-194
-393
-784
-1348
-2151
-2679
-2367
-1205
-490
-86
596
1547
2656
3937
4789
4665
3695
3154
2892
2537
2013
1554
1206
902
754
636
537
473
332
332
313
248
292
276
246
242
181
129
166
227
225
243
231
54
-257
-908
-1476
-1642
-2227
-2760
-3085
-3255
-3234
-2937
-2228
-1607
-1505
-1058
-576
-307
-88
80
84
-56
-169
-185
-242
-270
-216
-230
-236
-241
-175
-105
-116
-45
-28
-67
-124
-113
-127
-246
-264
-186
-148
-81
-80
-125
-165
-186
-124
-112
-186
-251
-284
-408
-484
-634
-1340
-2128
-1850
-1233
-579
-16
787
1637
2426
3492
4417
4202
3695
3222
2794
2236
1574
1105
845
749
699
629
522
418
201
74
-80
-170
-179
-167
-146
-159
-144
-93
47
154
222
315
393
261
-131
-671
-1022
-1311
-1795
-2225
-2563
-2797
-2648
-2162
-1701
-1484
-1344
-1068
-794
-662
-599
-714
-778
-775
-674
-645
-635
-601
-425
-251
-101
-133
-151
-140
-110
-6
37
-59
-228
-384
-409
-428
-391
-301
-317
-334
-270
-270
-193
-179
-203
-222
-349
-511
-612
-996
-1363
-1504
-1078
-143
951
1938
2678
3146
3765
4369
4592
4328
3659
2752
2020
1491
1239
1113
965
888
705
437
245
15
-105
-186
-284
-275
-209
-162
-88
63
177
270
270
231
177
84
-42
-197
-699
-1538
-2133
-2384
-2653
-2891
-2861
-2891
-2821
-2493
-1897
-1475
-1399
-1231
-994
-1037
-970
-935
-876
-699
-448
-173
-10
69
188
270
371
394
348
285
162
53
5
-109
-135
-112
-92
-42
61
-91
-680
-1229
-788
-1279
-1554
-1242
-826
-696
-458
259
1098
669
1308
1560
1335
974
684
588
519
202
187
46
-41
-212
-262
-290
-326
-366
-350
-323
-255
-141
-287
-622
-554
-420
-656
-465
342
560
531
988
1401
1205
906
1102
1005
-11
-422
-540
-770
-773
-497
-195
-149
-274
-85
-24
24
-21
-151
-230
-293
-329
-273
-183
-83
26
111
177
181
182
234
268
185
132
178
-73
-378
24
-453
-813
-592
-206
-83
-140
208
599
154
577
946
759
184
119
167
70
73
133
264
266
154
377
334
215
181
67
39
-38
-21
8
-299
-306
162
-700
-753
-221
74
116
176
474
448
62
1038
1196
677
250
166
12
-131
-44
-117
-320
-485
-495
-405
-346
-236
-86
-127
-137
-123
-53
-21
-18
-38
-80
-101
-135
-178
-105
-78
-86
11
63
130
182
206
242
237
186
195
-73
-174
296
-568
-385
100
351
435
454
670
701
300
1336
1271
880
608
498
451
399
347
140
-303
-675
-922
-837
-677
-780
-707
-699
-595
-330
-57
51
-73
-123
-19
-70
-69
-197
-300
-509
-235
104
-1026
-1224
-846
-502
-164
138
471
320
150
1287
1429
853
239
-187
-470
-523
-366
-234
-210
-87
275
615
739
736
648
414
129
-27
-129
-296
-364
-281
-219
-246
-209
-169
-113
-41
4
106
196
235
240
225
208
211
161
67
15
302
1990
2199
-38
-564
-504
-647
-823
-881
-1304
-3041
-3206
-920
-234
29
581
1239
1743
2331
2560
2700
2710
2290
1742
1205
689
153
-523
-880
-1121
-1225
-1074
-902
-612
341
-1019
-2350
-1699
-1369
-1369
-1042
-750
-773
-1379
412
1968
1265
759
599
409
280
133
102
41
73
219
469
692
732
636
580
349
32
-107
-53
-53
-84
-101
-155
-87
-41
-12
23
-2
-40
-36
-88
-64
-79
-133
-156
-140
-143
-42
1
80
177
231
262
238
312
1213
1582
-559
-1385
-1032
-864
-793
-523
-529
-1444
-1896
225
977
640
692
833
719
758
876
778
649
629
545
280
90
-4
-117
-213
-128
-68
386
979
-1258
-2081
-1364
-1015
-1079
-1057
-852
-1134
-1663
749
1690
908
491
700
892
713
742
752
573
448
507
626
487
255
258
41
-38
6
-26
-31
-100
-113
-30
5
41
41
19
32
37
-25
-12
-46
-77
-68
-81
-148
-40
64
945
1882
59
-1507
-1875
-1474
-1508
-1633
-1512
-2037
-2759
-683
1217
1839
1589
1858
1722
1532
1226
1000
783
390
150
34
-134
-7
-196
-446
-578
-525
510
-311
-2489
-2637
-2039
-1915
-1778
-1303
-1019
-1863
-774
1721
2139
1670
1815
2295
1978
1646
1555
1210
878
589
468
241
-103
-131
-220
-256
-232
-277
-284
-309
-205
-168
-152
-95
-66
-60
-23
54
86
118
21
69
203
1215
136
-1190
-1526
-1377
-1609
-1533
-1265
-1401
-2586
-1429
-62
267
74
286
357
103
94
148
141
144
68
112
113
45
8
40
151
198
194
277
345
371
406
403
367
374
266
238
188
156
132
85
57
91
195
294
394
684
1008
1190
1412
1328
1205
1005
836
673
361
-9
-145
-395
-315
-201
-90
33
140
99
108
83
64
64
32
-15
-32
-91
-49
-36
-106
-42
-9
18
84
92
109
63
261
789
1585
1998
1322
436
206
7
-483
-1143
-1747
-2677
-3317
-2710
-1940
-1783
-1569
-1063
-642
-491
-326
-145
-108
-35
0
35
87
85
77
16
30
38
-39
12
18
62
192
182
214
282
305
373
330
220
221
176
125
120
110
175
305
457
762
1199
1878
2395
2588
2441
2178
1680
1302
844
268
-529
-1061
-1276
-1121
-842
-373
-113
93
226
339
372
352
240
141
23
-81
-129
-208
-283
-247
-208
-173
-138
-105
-36
42
67
71
58
7
-11
-55
-73
-63
-85
-23
80
85
114
191
202
244
231
176
110
42
24
11
-12
-21
-60
-126
-155
-359
-698
-8432
-19186
-30907
18639
-27866
-21253
-18767
-17557
-16808
-8880
2019
13789
29821
10838
4329
1899
904
516
297
164
108
51
21
-9
12
42
-27
12
5
-21
30
3
38
23
-27
10
-24
0
22
25
38
-11
-20
-27
-3
9
16
12
-15
-12
-39
-28
5
-10
26
-9
-9
8
-50
38
25
26
58
-3
15
-5
-32
48
-15
23
24
-39
-5
-31
-26
20
-10
11
2
-27
-6
-8
-1
39
15
-11
6
-60
-25
7
19
56
-15
-19
1