420
465
411
579
932
1094
1103
1134
1451
1829
2092
2216
2080
1946
1917
1783
1667
1559
1224
726
278
147
132
167
249
169
-133
-306
-201
51
140
169
270
347
433
462
451
284
278
582
917
1222
1655
1971
2320
2877
3490
3748
3646
3372
3051
2634
2376
2088
1724
1476
1333
1066
795
641
654
703
740
655
480
495
712
884
783
554
501
772
1122
1218
827
804
970
953
1006
837
673
663
935
1660
1807
1041
975
1340
1590
1507
1297
1025
661
452
1080
1360
1084
831
638
567
576
492
335
62
-166
-202
-132
-121
-371
-716
-999
-1184
-1355
-1787
-2575
-3480
-4372
-4876
-4929
-5082
-5293
-4529
-2745
-1758
-1788
-2390
-3881
-6353
-9707
-13281
-17458
-21633
-22947
-21255
-17417
-12563
-7382
-2051
2115
4307
3978
691
-4282
-10215
-19425
-33456
-50839
-64871
-68237
-66562
-62282
-58902
-57814
-54357
-42871
-16067
19416
44886
54814
59209
62860
67860
71038
70861
60754
41328
22410
14735
10009
6817
4040
1435
-5640
-16739
-29316
-42121
-53466
-64768
-78312
-87930
-87290
-77619
-66345
-55574
-44098
-33162
-21286
-7233
2814
4662
2617
1942
1757
1479
1338
1377
1509
1751
2219
2254
2072
2015
1891
1676
1543
1402
1169
677
340
-19
-380
-605
-734
-815
-857
-773
-567
-418
-250
-99
38
121
92
27
-176
-401
-574
-677
-762
-782
-842
-845
-875
-822
-752
-642
-516
-324
-143
50
151
245
244
221
253
272
259
198
73
-79
-303
-548
-830
-1269
-1739
-2301
-2690
-2609
-2618
-2565
-1921
-1128
-420
55
499
790
794
1010
1187
588
-392
-1162
-1624
-1546
-1301
-102
1077
1636
2190
2969
3583
4100
4171
4090
2890
1587
955
584
267
143
55
44
-23
-69
-40
-13
-13
6
-19
-15
-10
-50
-53
-133
-236
-302
-366
-403
-399
-435
-451
-545
-607
-659
-771
-1081
-1672
-2786
-3561
-3547
-3087
-2759
-2569
-2196
-1630
-891
264
1079
1241
876
561
439
265
193
148
162
-18
-359
-403
-344
-419
-284
-236
725
1662
2266
2659
2815
2987
3269
3192
3061
2087
1133
716
559
424
295
146
96
63
7
-1
-18
-31
45
72
77
58
49
55
20
-10
-12
-63
-81
-105
-130
-107
-91
-83
-94
-106
-131
-175
-211
-343
-682
-1529
-2846
-3624
-3379
-2963
-2766
-2767
-2526
-2058
-1181
112
959
745
313
127
190
251
312
330
303
145
75
60
-11
-118
-332
-373
-85
-10
334
898
2015
2720
3117
3268
3176
2957
3029
2827
2300
1218
636
358
292
177
34
-49
-63
-37
-18
-66
-100
-134
-68
-59
-72
-92
-107
-93
-67
-68
-59
-93
-50
-41
-50
-47
-29
-33
-21
-46
-66
-132
-219
-441
-820
-1451
-2328
-3168
-3285
-2899
-2768
-2544
-2177
-1944
-1632
-858
-15
93
-226
-274
-367
-447
-354
-111
53
133
269
256
140
-37
-294
-272
-293
101
689
1263
1606
1908
2297
2678
2839
2974
2594
1986
1423
1162
984
733
553
403
354
288
266
141
8
-69
-56
-59
-26
-64
-88
-121
-117
-90
-62
-73
-78
-68
-56
-61
-54
-43
-41
-47
-82
-63
-79
-29
15
-1
-33
-42
-57
-81
-151
-307
-679
-1225
-2096
-3570
-4038
-3669
-3041
-3029
-3083
-2930
-2384
-1583
-129
375
238
-177
-237
-86
83
68
104
89
8
-217
-390
-295
-270
-277
-294
-250
-213
-221
-246
-243
-237
-209
-182
-180
-186
-159
-138
-128
-148
-171
-150
-173
-172
-204
-207
-195
-157
-161
-142
-157
-113
-117
-103
-112
-60
-54
42
221
514
827
1110
1318
1887
2486
3090
4700
5796
6008
5761
5478
5264
4694
3969
3283
1550
244
-309
-442
-476
-480
-475
-426
-421
-362
-350
-316
-313
-272
-257
-248
-229
-193
-203
-193
-170
-160
-176
-156
-157
-128
-149
-150
-130
-157
-143
-142
-168
-179
-180
-185
-239
-256
-338
-478
-715
-1092
-2228
-3985
-5186
-5310
-5008
-4889
-4776
-4855
-4652
-3531
-1735
-447
-197
-496
-597
-529
-127
119
95
47
10
-48
-18
78
49
-28
-81
-8
-11
-13
18
4
-56
-73
-39
-57
-68
-61
-77
-119
-156
-114
-86
-91
-85
-120
-95
-91
-68
-12
43
78
143
330
538
674
865
1236
1836
2238
2708
3902
5309
5730
5710
5680
5380
4787
4352
3837
2547
930
307
167
5
-110
-177
-208
-198
-223
-209
-232
-236
-211
-211
-176
-163
-184
-178
-162
-142
-137
-185
-191
-215
-219
-185
-152
-181
-179
-162
-127
-107
-75
-99
-109
-132
-189
-350
-719
-1504
-2564
-3541
-4417
-5340
-6223
-5918
-5018
-4206
-3438
-2669
-1883
-949
51
1134
1165
539
7
-59
94
423
618
1502
2304
2661
2853
3144
3346
3596
3546
3412
2430
1309
387
-508
-1961
-4036
-4639
-4189
-4218
-4338
-4419
-4228
-3643
-2351
-338
188
-391
-413
-195
116
304
353
320
290
161
217
527
1578
2643
3251
3509
3707
3864
4080
4137
3822
2680
1450
481
-596
-2371
-4341
-4348
-3612
-4048
-4356
-4241
-3930
-3193
-1677
108
11
-803
-403
-81
-64
-17
71
128
122
227
516
1656
2870
3511
3829
4118
4320
4496
4523
4336
3269
2057
1309
738
45
-1206
-2715
-4175
-4919
-4863
-5362
-5648
-5481
-5564
-4787
-3652
-2444
-1860
-2075
-1634
-1155
-1134
-761
-154
437
746
903
736
1334
2214
3456
4457
4653
4612
4750
4932
5379
4899
3956
2774
1861
1207
705
103
-538
-1404
-3425
-4870
-4731
-4451
-4480
-4783
-4552
-3985
-3284
-1382
-110
-334
-617
-420
204
488
526
675
642
656
970
1940
2755
3120
3206
3199
3238
3510
3736
3569
2696
1910
1463
1258
1163
1024
923
849
778
713
640
610
548
449
392
295
214
193
183
163
91
40
0
-21
-49
-33
-46
-80
-76
-49
-23
10
14
72
88
94
86
93
80
103
156
387
643
918
1172
1522
1906
2403
2884
3233
3248
3228
3109
3053
2883
2541
2143
1713
1311
1178
1138
1148
1064
1031
1088
985
961
1089
1065
730
331
293
224
-62
-430
-912
-1394
-1873
-2309
-2888
-3998
-5447
-7978
-11601
-18311
-2200
38087
86641
100403
102807
104358
107116
111135
118282
102542
62652
14661
1684
282
99
8
-33
-59
-82
-53
-45
-15
26
62
106
124
107
87
71
36
14
-10
-39
-21
7
-3
17
-8
19
5
13
36
21
12
23
-5
16
-10
14
5
-4
-15
-14
19
0
-6
-4
-3
18
17
42
17
-19
24
5
31
15
6
9
-26
1
-14
-16
-13
-40
-7
-5
-10
-6
-31
24
-6
2