362
363
362
361
361
359
360
358
356
356
356
357
358
359
359
360
362
360
365
362
364
366
369
369
372
372
371
374
373
370
369
368
369
371
370
368
368
370
367
369
371
368
367
364
364
364
365
366
365
367
369
367
368
367
365
366
365
365
366
367
364
364
366
368
366
368
366
366
366
365
367
363
362
364
364
365
365
365
365
363
359
364
368
370
367
366
362
365
366
367
366
365
367
365
365
366
363
365
364
363
362
361
365
363
364
366
365
366
366
365
363
363
362
362
363
366
366
368
370
371
368
367
364
365
364
365
365
364
363
360
363
367
366
365
363
365
368
367
366
362
362
357
361
366
366
367
367
373
373
367
365
369
368
371
371
369
369
368
364
363
364
365
365
365
364
363
367
370
368
366
365
365
367
368
371
369
367
367
369
372
374
373
371
369
368
369
370
368
367
369
371
371
375
371
371
371
372
375
378
379
376
379
380
377
376
380
381
381
376
376
375
374
374
373
375
374
373
365
364
366
369
366
366
364
365
365
363
362
363
358
357
355
354
358
361
368
380
418
466
506
534
551
567
577
584
580
574
566
559
546
521
478
371
186
0
0
0
0
0
0
0
0
0
0
13
238
542
632
788
690
798
843
755
767
844
819
760
841
841
729
15
139
0
643
735
735
734
735
735
735
734
734
734
735
733
658
584
530
489
459
435
420
405
392
389
386
381
378
375
374
370
367
364
364
370
369
367
365
366
362
363
366
373
376
374
367
368
366
363
362
363
363
364
365
369
367
368
373
377
375
379
381
376
375
374
374
367
368
365
368
367
369
368
370
366
360
364
366
370
373
373
366
362
361
360
362
357
355
354
354
355
356
361
361
359
361
364
368
368
372
370
375
379
380
380
373
371
367
370
376
379
374
379
386
390
375
362
356
366
377
374
372
355
339
335
345
356
362
368
366
344
338
348
370
406
406
397
392
388
388
385
386
397
394
390
386
389
384
378
382
377
367
354
345
336
324
308
291
291
292
296
303
313
323
326
326
323
314
303
297
291
289
294
301
314
330
356
382
419
452
489
517
538
542
536
521
500
480
463
448
427
408
386
366
355
349
353
363
371
376
370
360
350
340
336
337
334
329
332
329
328
331
333
334
338
344
345
349
356
359
361
359
356
356
353
351
350
353
352
350
352
351
352
352
353
354
356
360
358
359
358
360
356
354
356
356
356
358
359
364
367
363
365
365
364
365
361
359
362
365
364
365
367
369
370
369
370
370
370
369
370
366
365
365
366
368
366
368
366
367
362
365
363
367
367
366
368
367
368
368
368
366
364
364
365
361
362
365
366
365
363
367
369
368
369
369
371
372
382
388
395
396
386
377
369
373
371
357
349
352
356
371
391
424
455
465
466
464
442
404
365
340
325
317
324
334
343
350
355
362
366
370
380
385
381
383
380
380
363
353
342
333
323
314
307
301
298
299
306
321
332
338
345
350
353
355
358
354
352
346
332
317
302
289
283
278
282
291
304
317
335
356
369
390
405
415
425
433
434
437
441
438
440
443
445
443
445
444
439
427
416
400
383
375
373
372
377
390
392
385
382
374
368
362
356
353
352
356
361
362
361
360
360
359
363
361
360
358
360
359
357
355
351
354
352
355
349
351
353
352
359
363
366
370
367
367
366
364
364
365
362
362
361
365
364
362
365
366
364
364
363
363
365
363
368
366
368
367
369
367
365
366
363
363
367
368
366
366
365
364
358
363
361
360
367
371
369
370
369
367
368
368
371
371
372
368
369
375
376
376
369
368
376
376
367
366
367
367
376
386
397
391
386
378
348
339
353
366
382
413
453
454
424
386
352
329
319
317
320
323
329
339
350
358
372
387
395
399
395
387
361
339
319
304
303
308
321
337
355
362
370
375
374
371
364
354
350
345
338
341
343
345
352
360
370
384
390
389
384
376
375
377
376
375
367
358
356
359
368
369
370
374
376
381
378
370
366
359
357
352
351
351
354
359
359
359
362
357
359
357
354
357
363
362
355
350
346
346
348
352
354
353
355
361
362
363
369
383
396
412
432
419
382
332
306
319
380
414
389
377
380
382
376
377
380
384
395
396
388
372
364
366
374
384
387
388
389
391
386
383
386
382
377
378
377
375
373
372
368
362
357
353
351
351
351
356
354
357
359
355
354
360
364
361
364
368
361
365
365
366
366
363
361
364
365
364
364
362
361
360
362
363
363
364
364
363
364
369
373
372
374
373
370
374
371
368
364
364
362
364
361
359
353
358
365
363
363
362
363
363
361
365
366
370
372
371
375
369
361
368
365
364
367
365
365
364
364
365
363
364
363
363
368
369
371
375
374
374
373
372
371
369
366
366
370
371
381
386
385
393
397
391
386
379
368
360
370
391
434
456
445
413
373
329
292
276
277
288
311
328
339
353
363
373
378
373
374
377
380
374
366
358
353
348
348
345
349
352
364
373
375
376
372
367
360
353
350
348
358
364
364
362
367
368
372
376
378
379
377
372
367
359
358
355
355
362
366
369
368
370
372
375
378
375
370
366
362
358
357
356
356
355
353
349
352
355
360
370
376
380
380
376
377
375
373
367
360
354
350
352
353
356
359
362
365
366
369
372
373
368
364
364
371
372
371
369
374
378
375
377
380
379
382
383
376
370
365
361
353
353
353
353
356
359
360
361
364
369
369
370
370
366
366
360
364
367
362
356
361
363
364
360
362
363
354
341
329
342
395
446
404
317
274
330
401
348
347
359
357
367
385
396
378
361
367
380
393
399
395
392
393
393
393
392
386
384
380
376
371
370
369
369
372
373
371
365
366
373
376
375
373
370
366
363
363
359
355
355
354
353
355
358
360
359
362
368
371
368
366
363
365
365
364
362
361
361
361
364
365
367
364
367
368
371
367
363
365
365
363
363
365
363
363
365
364
362
361
363
362
363
362
360
361
362
365
367
365
368
369
369
369
367
368
368
364
366
365
365
365
362
361
364
361
362
366
365
364
371
375
375
367
361
356
356
364
371
366
366
378
383
396
416
425
422
403
368
356
372
426
479
459
438
394
330
274
248
252
274
294
318
341
362
377
386
392
393
396
394
383
365
357
347
339
332
329
329
328
337
357
361
361
357
350
349
350
357
363
370
374
382
377
377
376
372
369
368
369
365
360
352
353
352
357
365
368
374
377
379
380
377
377
375
372
368
364
356
351
347
353
353
358
362
365
365
367
368
372
370
374
378
382
381
378
374
370
361
349
342
342
342
342
341
342
347
354
358
364
369
366
368
375
374
377
372
377
379
386
395
388
388
389
385
380
376
361
347
338
346
356
377
403
418
397
374
367
365
365
362
368
373
376
374
374
364
349
341
341
347
361
376
382
383
384
386
385
380
381
382
383
382
379
376
372
367
365
360
357
359
362
359
359
358
361
360
360
360
365
365
366
365
365
367
366
365
366
366
363
365
363
366
364
365
364
362
362
362
360
362
364
364
360
363
364
366
366
366
369
370
371
371
369
368
368
369
366
365
366
367
364
363
361
362
361
362
365
366
364
363
362
361
359
362
360
367
371
370
365
367
373
370
366
368
362
362
362
359
365
372
375
382
379
372
370
367
366
367
372
373
370
373
373
375
377
378
374
369
367
365
371
370
372
372
376
377
373
374
376
376
374
377
378
365
338
334
340
356
365
372
389
422
432
428
415
384
356
345
343
347
354
352
349
349
347
353
360
370
371
368
369
367
362
356
350
346
338
335
328
319
319
318
319
322
321
326
329
335
340
344
358
368
372
379
384
389
387
383
378
376
373
369
366
363
366
363
360
351
344
343
346
354
365
375
378
379
384
390
388
393
394
391
388
384
381
381
383
381
380
375
373
371
376
380
382
378
376
375
370
368
370
369
369
369
368
363
359
358
359
361
362
366
367
364
363
367
365
367
365
367
369
369
374
374
369
371
373
375
376
371
368
367
368
368
369
368
368
367
369
371
369
368
370
365
364
365
366
366
368
373
377
377
373
366
363
361
356
356
355
348
347
351
351
357
363
367
365
352
352
356
371
377
378
373
368
371
375
375
375
365
367
372
367
368
366
368
370
370
370
372
369
367
362
360
363
365
361
359
358
357
358
354
355
363
366
370
372
372
373
375
375
371
369
368
364
358
355
359
360
362
364
368
366
366
363
364
367
368
366
371
371
370
373
366
370
374
372
372
366
367
369
363
361
360
362
363
367
371
369
371
366
365
363
365
368
370
371
370
366
369
368
370
376
379
372
367
367
365
364
364
370
372
365
356
352
357
364
366
370
367
373
379
381
388
387
389
391
391
389
389
384
395
409
422
442
449
446
421
373
329
291
276
276
281
290
297
310
334
355
373
386
387
378
363
348
336
328
326
326
330
331
338
344
348
352
349
348
347
346
345
353
361
364
369
376
382
386
387
386
381
370
363
357
361
358
353
353
354
352
356
364
371
378
393
410
422
407
389
379
380
382
385
378
376
376
374
374
375
372
366
367
364
365
361
359
363
370
371
374
372
371
372
371
372
366
364
368
363
361
361
361
357
360
364
364
365
369
367
366
367
369
368
375
373
374
372
369
367
365
362
366
366
368
368
367
365
366
365
362
367
364
369
369
369
368
367
366
367
368
365
365
365
367
366
366
365
368
366
370
371
371
368
365
364
362
373
385
398
407
410
408
413
388
353
354
420
510
506
455
398
344
316
297
290
292
298
300
309
324
344
368
377
374
367
358
346
333
321
306
301
300
309
314
324
338
354
370
382
385
383
380
379
377
370
363
354
349
348
347
345
354
359
371
374
372
377
374
369
360
352
348
349
355
358
360
368
377
385
387
392
392
389
391
386
385
380
377
373
365
361
360
355
357
361
371
384
404
409
403
388
381
375
372
370
368
368
366
365
367
366
369
370
372
372
370
374
370
366
359
363
364
369
368
370
371
372
367
364
358
359
359
357
362
362
356
362
363
366
367
367
370
371
372
372
370
371
365
368
370
364
360
359
364
363
360
359
363
365
367
367
367
366
367
370
368
363
367
368
369
370
368
369
375
383
384
383
385
384
383
387
392
394
388
372
377
432
465
457
451
401
353
330
310
295
288
293
302
311
316
325
334
338
338
336
342
347
347
348
339
337
343
346
351
353
357
367
374
379
381
383
384
381
377
374
370
366
368
368
363
366
365
363
356
351
352
361
365
367
366
367
368
367
367
366
366
362
360
358
362
359
361
363
368
373
373
375
374
376
377
380
384
384
388
388
389
391
392
384
374
364
360
359
355
359
360
364
367
366
366
366
370
370
366
363
364
373
369
367
365
368
370
372
371
368
367
368
369
373
371
365
366
371
372
370
368
369
371
369
366
367
366
367
365
367
363
365
369
373
371
368
362
362
364
365
363
366
364
364
364
360
362
365
361
365
363
361
363
366
367
365
368
371
372
365
364
360
362
363
364
364
364
363
365
367
367
365
366
366
368
368
368
366
368
366
366
368
373
369
368
370
372
371
368
366
365
364
363
360
360
363
365
365
364
366
367
373
373
371
369
369
368
368
370
371
370
368
371
367
365
363
364
363
366
369
360
361
364
367
366
368
365
366
369
366
366
365
364
363
367
368
366
365
366
366
362
369
368
367
363
366
365
370
370
370
367
369
368
369
370
368
363
364
366
364
364
362
364
364
365
367
362
363
366
366
370
370
370
366
367
367
371
372
373
375
377
375
372
368
374
372
368
380
384
386
384
380
396
454
455
435
402
359
323
292
281
284
291
296
303
306
322
337
354
368
388
409
415
412
403
384
366
351
336
331
322
319
319
333
345
361
376
384
392
388
388
381
374
365
360
360
354
352
356
354
357
356
356
363
364
367
374
372
368
367
366
365
365
364
370
372
375
378
386
385
390
394
393
392
385
377
374
371
369
366
363
366
367
369
367
361
358
361
363
368
365
361
363
366
367
365
369
368
366
365
363
365
368
367
364
366
365
367
367
368
366
363
364
363
359
361
361
361
363
365
367
373
370
370
372
373
376
374
373
373
370
368
362
365
367
372
383
391
390
393
394
398
402
394
373
470
535
528
469
389
306
252
242
251
272
294
313
329
358
393
421
435
431
414
376
322
262
220
196
201
222
254
294
331
362
392
416
431
428
424
417
409
401
386
374
368
362
362
365
369
373
373
374
377
378
368
362
360
357
357
359
358
359
358
363
364
368
365
370
371
372
373
376
375
373
369
370
370
372
376
375
375
377
380
380
383
385
388
386
382
366
363
362
367
368
367
367
367
369
370
370
370
371
372
371
370
365
363
364
364
365
364
366
368
368
370
370
374
372
370
369
367
366
364
362
365
365
365
366
364
363
366
364
367
365
364
365
366
371
371
366
367
368
365
367
365
364
363
362
364
363
364
361
362
363
365
363
365
365
368
366
365
364
364
365
368
378
376
373
372
376
372
372
382
398
416
420
412
396
406
489
507
506
469
409
345
295
262
236
234
250
287
325
357
375
384
379
361
340
312
284
267
260
265
281
301
325
356
379
396
407
405
410
409
397
388
377
367
361
355
358
363
374
379
384
387
388
389
385
378
372
366
357
352
350
349
351
352
357
355
353
355
357
359
356
359
362
368
371
374
372
372
368
369
372
378
380
382
382
386
387
388
388
390
388
384
378
377
371
368
367
364
365
364
366
367
368
369
371
368
367
366
364
363
363
361
364
362
365
368
366
367
365
366
365
365
364
367
368
369
372
370
370
369
369
367
362
359
361
360
363
370
365
364
361
366
368
369
367
369
370
368
367
368
370
369
367
364
360
360
363
361
363
361
360
362
361
368
369
367
367
368
368
368
361
361
362
360
363
368
366
364
364
367
363
364
366
368
370
373
372
372
374
379
372
368
366
366
367
366
364
358
364
367
376
378
380
383
384
381
377
373
366
358
356
351
347
340
338
341
345
344
350
349
353
359
361
364
364
365
370
365
364
360
360
360
359
361
363
365
370
370
373
371
373
371
373
376
374
367
367
367
369
369
372
374
374
378
374
376
376
371
372
372
370
365
365
364
365
364
364
364
364
365
367
367
365
365
365
365
365
361
364
367
374
370
372
375
369
360
359
361
361
359
353
349
351
353
363
377
388
404
415
411
411
400
387
376
362
356
345
335
336
338
341
344
349
352
354
355
357
359
357
352
354
355
353
354
352
353
357
356
358
363
368
374
375
378
380
381
381
373
376
378
379
381
380
373
371
366
364
363
366
364
363
365
362
365
368
368
369
371
375
378
377
371
370
372
372
370
370
365
363
358
358
358
363
360
365
369
369
372
368
369
370
367
365
368
368
365
361
364
363
362
364
366
367
367
365
366
363
365
364
361
368
370
365
365
360
360
360
362
367
369
372
378
381
386
391
384
377
365
364
359
361
372
376
379
378
370
364
363
369
373
374
365
356
345
341
335
334
340
343
350
350
350
351
356
356
365
371
371
379
378
373
369
365
364
362
362
365
365
369
371
371
366
369
368
372
374
379
378
376
379
378
375
374
372
366
366
361
356
347
349
350
354
358
358
362
369
376
384
391
396
387
376
370
368
367
354
355
352
338
369
400
432
455
463
466
461
440
400
347
301
268
253
258
269
291
314
325
330
337
343
345
351
359
364
374
380
376
375
370
368
363
355
350
350
354
362
365
367
373
376
378
379
383
386
385
386
391
387
386
387
383
383
379
379
375
374
374
371
369
369
368
368
366
364
361
354
354
351
349
355
358
364
366
367
368
369
374
372
372
365
365
365
365
364
363
360
363
366
366
372
374
371
369
365
364
366
367
366
363
369
367
365
368
366
366
367
368
368
365
364
364
361
365
364
366
373
372
378
383
393
384
376
367
359
348
340
347
349
355
391
426
450
444
418
400
476
513
507
462
366
254
177
153
182
237
288
323
349
366
377
384
393
403
408
406
395
380
362
350
340
332
329
331
337
347
359
371
382
391
395
395
391
389
391
394
392
390
380
376
366
362
354
347
348
344
345
344
342
347
349
354
358
358
360
359
356
352
347
345
343
344
343
338
344
344
347
354
360
362
370
381
392
401
408
412
409
401
392
386
380
372
371
360
343
351
377
392
383
374
367
358
349
348
357
371
390
400
389
367
358
356
361
366
371
372
376
376
377
378
375
368
370
371
372
370
368
367
363
364
363
369
369
364
363
362
363
363
361
363
366
367
363
362
366
366
370
375
382
386
381
373
363
356
360
361
355
376
398
427
434
416
379
381
434
431
423
400
342
297
276
276
294
316
328
343
353
352
353
351
355
359
363
367
367
358
349
337
329
328
331
337
350
360
373
384
394
398
397
392
386
380
370
364
361
357
356
357
359
366
367
372
372
367
367
365
362
363
363
368
368
369
369
365
360
360
354
351
351
350
353
357
356
356
358
366
375
375
377
373
374
384
393
390
374
359
357
354
350
350
352
360
369
377
381
388
391
387
378
369
365
358
360
364
364
366
371
375
381
382
382
378
374
371
366
363
364
363
361
364
363
362
370
371
373
372
372
371
369
366
364
363
365
361
359
362
361
362
363
368
363
363
365
361
360
363
366
368
368
374
381
384
380
376
374
370
366
365
364
362
361
361
360
367
375
371
364
353
354
371
383
417
435
439
423
418
414
436
443
417
380
350
320
308
302
298
297
307
325
340
346
351
351
349
344
334
329
320
307
305
306
307
322
336
360
376
389
402
405
395
391
388
379
372
365
359
353
354
358
364
374
377
385
388
392
387
385
376
373
369
364
355
346
341
334
328
332
339
346
351
359
366
369
372
374
378
383
388
388
387
388
390
390
393
396
398
402
395
380
367
360
358
355
358
360
362
365
365
365
368
367
375
370
367
369
375
375
373
368
364
359
360
364
361
362
359
360
363
362
368
371
372
373
373
373
375
374
370
365
365
364
360
362
359
359
363
362
360
363
365
361
365
369
372
372
374
373
373
373
371
370
368
369
368
364
362
364
368
364
354
348
356
371
378
386
400
409
417
418
406
406
450
481
482
462
407
350
296
251
227
233
248
273
298
321
341
360
376
386
386
381
375
360
344
331
323
322
329
332
343
353
365
377
388
395
401
405
405
404
396
391
386
378
374
374
372
362
357
356
357
355
355
356
358
364
364
362
366
369
367
373
373
372
368
364
361
358
353
349
348
349
355
361
362
365
366
369
373
377
381
382
382
381
377
375
371
364
360
359
355
352
351
350
355
355
364
372
377
380
384
390
388
392
386
380
372
368
362
354
353
349
349
355
354
359
364
367
373
372
375
370
370
372
372
370
365
364
364
363
358
357
356
356
353
356
354
361
369
374
378
389
396
394
389
386
385
381
380
375
357
340
323
298
281
334
369
356
347
341
329
342
374
408
404
366
373
398
408
393
376
365
365
364
359
355
353
356
351
357
364
375
382
386
392
392
391
390
387
378
375
377
375
374
372
365
360
358
362
359
361
363
360
359
356
354
354
353
362
366
365
367
367
366
367
369
370
370
377
375
373
373
371
368
363
357
358
361
361
357
360
359
360
365
366
367
368
371
369
370
371
374
372
371
364
366
363
362
362
362
359
360
360
361
361
364
366
368
371
373
367
367
370
370
372
371
369
369
366
367
369
367
368
368
369
364
368
369
371
370
373
370
368
361
359
354
357
364
360
362
375
396
422
444
456
455
428
463
521
511
500
442
352
255
175
117
102
123
170
232
296
358
403
436
451
451
441
431
409
383
363
341
327
318
311
320
331
338
351
363
370
380
387
393
399
397
399
396
392
392
385
380
376
373
373
372
366
361
356
353
353
356
357
363
369
376
378
381
379
374
369
366
362
360
356
354
346
349
349
350
358
367
372
376
377
379
380
381
384
374
377
374
373
371
367
364
363
359
357
362
358
360
360
360
364
366
371
373
380
382
381
380
374
369
364
364
357
356
356
357
358
356
356
356
358
359
362
364
367
369
367
372
375
375
371
367
363
359
357
355
355
357
353
355
359
358
362
365
364
360
385
414
409
376
361
353
336
331
345
366
378
359
343
366
393
397
391
385
383
377
372
368
365
368
373
378
378
376
376
375
373
373
371
372
367
366
364
361
357
353
355
356
359
361
363
363
365
360
363
363
365
366
370
373
379
378
376
375
372
369
366
363
362
361
362
362
360
360
362
362
366
367
368
367
365
362
361
363
364
363
362
361
366
364
370
373
369
380
401
414
424
431
418
389
349
354
393
409
406
403
375
340
315
300
304
315
332
343
344
347
353
362
369
373
367
361
351
349
340
331
321
318
323
330
339
347
355
363
376
386
391
397
403
405
399
394
386
380
374
369
366
360
358
357
354
357
358
359
361
366
366
372
371
372
369
367
369
369
372
372
367
359
354
356
355
355
354
359
368
368
371
372
371
372
371
370
367
363
363
362
367
372
374
375
375
370
369
367
367
367
371
371
368
368
370
367
366
365
366
366
368
367
364
369
367
365
363
367
363
367
365
368
371
371
371
372
373
375
381
384
384
376
363
355
350
343
336
335
339
347
357
371
383
389
389
374
361
360
371
374
371
367
368
365
361
365
367
369
372
371
370
368
371
374
377
370
368
362
362
363
360
358
360
358
357
358
361
362
363
362
363
366
368
370
374
374
373
374
374
376
377
375
368
365
363
366
364
365
366
365
362
362
365
361
360
365
368
370
365
357
355
352
359
362
365
386
406
432
449
443
416
385
385
413
462
460
405
341
293
267
258
267
276
287
299
316
331
352
371
378
383
386
392
397
394
383
372
363
358
347
340
335
335
337
343
351
362
366
373
377
377
379
382
380
377
371
369
367
367
362
361
362
359
355
354
355
353
351
349
353
354
358
367
370
376
379
383
389
390
387
381
379
376
376
376
373
372
370
367
365
366
368
369
366
366
364
367
368
364
368
366
365
367
367
366
369
369
372
374
374
371
371
369
365
362
360
361
366
365
367
368
362
356
359
353
353
354
349
351
353
355
551
681
759
829
838
698
824
841
699
785
842
794
768
840
833
736
839
842
681
828
841
692
797
844
709
776
840
781
747
834
823
719
831
832
667
834
843
688
767
840
711
764
841
805
739
841
832
705
844
820
676
834
840
678
800
844
719
761
842
785
736
842
838
688
831
844
671
823
839
685
782
846
724
748
843
814
726
837
844
688
832
825
658
816
846
680
783
845
730
755
841
799
709
838
845
673
843
842
660
833
844
671
782
846
726
739
844
822
683
843
841
654
831
839
647
801
844
664
748
844
745
710
845
837
681
844
841
651
832
842
654
814
846
650
764
846
734
709
840
825
660
839
841
649
836
846
644
775
848
651
737
844
766
698
840
823
660
839
842
655
829
844
669
779
850
658
725
844
762
698
844
839
658
842
850
647
832
845
654
785
848
674
709
847
766
686
848
837
661
841
844
651
831
842
649
760
849
665
39
153
264
107
290
380
73
735
734
734
734
734
734
733
734
734
734
735
735
733
733
734
734
732
734
734
734
734
734
733
734
734
734
734
734
733
732
735
734
734
734
733
735
734
735
734
734
735
734
734
734
733
735
734
734
735
735
734
707
635
575
531
498
468
449
433
420
413
405
397
391
388
386
382
380
381
380
381
377
379
379
378
376
377
376
375
374
376
376
374
371
369
375
375
371
375
375
374
370
371
372
375
373
380
383
381
379
376
373
373
374
374
375
374
375
375
370
372
370
369
368
367
366
369
369
369
369
367
368
366
368
368
363
359
363
363
365
366
363
364
362
368
365
362
363
363
365
365
365
364
367
373
367
364
364
363
367
368
362
365
364
365
364
362
361
358
361
367
364
362
365
368
362
362
365
363
364
362
363
366
368
368
367
369
368
371
370
367
362
366
367
366
371
370
367
367
370
368
368
368
369
367
366
367
366
366
367
368
369
369
368
366
366
365
367
370
371
366
369
368
368
366
368
366
368
371
373
369
370
372
371
366
368
367
369
366
365
368
365
368
364
364
366
370
367
370
370
369
368
368
365
369
367