-58
-44
-60
-52
-99
-111
-141
-155
-126
-103
-101
-86
-72
-4
19
38
48
59
71
75
70
68
56
38
49
30
11
-10
-38
-22
-28
-48
-43
-27
23
8
22
26
22
34
49
55
33
-5
-8
-17
-13
-21
-12
-3
-5
-1
1
29
32
51
65
39
23
6
0
-7
-49
-80
-191
-370
-498
-620
-702
-757
-805
-821
-798
-629
-339
-132
36
172
274
362
426
466
416
325
294
270
249
218
213
201
176
155
130
88
81
57
49
21
10
-13
-15
-20
5
6
25
20
2
-4
-1
-10
-6
-27
-37
-51
-47
-38
-54
-34
-18
0
-7
-19
-6
3
2
31
10
-13
-55
-62
-67
-71
-99
-100
-227
-378
-485
-507
-487
-470
-468
-422
-355
-209
-34
97
151
134
147
152
116
74
38
66
83
-94
114
-115
-604
-2247
-7003
-11197
-11100
-9597
-7834
-6942
-5533
-3555
-676
5049
10130
10788
9941
9336
9020
8308
7296
6323
5520
4681
3779
3062
1879
738
99
-440
-775
-1017
-975
-478
-148
146
627
999
1257
1254
1027
853
557
276
-11
-306
-560
-825
-925
-919
-1017
-1237
-1240
-903
-693
-797
-1091
-1146
-1217
-3524
-6597
-8993
-10498
-11724
-10341
-5821
-2544
-874
1981
5220
7566
8906
10071
8790
4562
1488
173
-196
-268
-373
-442
-424
-391
-329
-300
-330
-342
-343
-166
-55
-33
-64
-96
-109
-78
-36
-38
-104
-137
-151
-95
-73
-45
-40
-66
-38
-11
5
39
59
105
138
157
151
147
139
77
-22
-133
-527
-1042
-1687
-2219
-4569
-7784
-10501
-12220
-12235
-11301
-10322
-9581
-8942
-6244
-2252
1606
4437
5296
5390
5668
6550
7150
6981
6299
5642
5015
4310
3316
2440
1854
1525
1490
1214
633
271
231
396
110
-816
-1399
-1448
-1065
-952
-1108
-834
-460
-67
88
51
188
357
621
712
253
136
200
561
923
838
677
489
240
-88
-1004
-2203
-3601
-4845
-6256
-7731
-5624
-1450
1477
3479
5070
6584
7775
9122
10460
8337
4427
1970
725
273
186
152
52
-74
-147
-143
-128
-55
-68
-110
-162
-145
-90
-42
-13
27
14
7
27
85
102
116
92
66
32
35
47
33
-4
-24
-16
47
56
90
103
120
107
64
-30
-371
-1735
-4331
-7341
-10244
-12227
-13163
-13120
-12255
-11133
-9351
-6592
-3284
166
2864
4650
5488
5399
5109
4968
5314
5520
5154
4365
3728
3322
2876
2249
1444
652
453
583
683
401
-138
-323
-116
281
452
207
73
123
144
177
238
318
393
368
140
-68
-213
-209
-294
-635
-777
-618
-352
-240
-308
-285
-264
-215
-79
-364
-895
-1280
-2129
-3600
-4700
-5518
-6229
-5209
-1775
1507
3532
5252
7212
8601
9607
10544
9732
6653
3799
2058
1241
847
526
368
278
216
152
86
2
-24
-35
51
18
-40
-90
-57
32
98
97
93
79
130
207
192
120
58
50
42
56
34
51
36
58
51
15
15
22
29
33
11
-26
-97
-560
-1562
-3660
-6039
-8820
-11814
-12935
-12631
-11931
-10869
-9224
-6698
-3724
388
4571
6453
6732
6546
6600
6346
6004
5335
4128
3204
2636
2086
1410
553
403
651
621
-88
-723
-932
-823
-697
-770
-1166
-1570
-1333
-575
-120
-132
-250
17
542
864
861
651
400
428
588
646
475
357
358
356
216
16
-1173
-3355
-5003
-5714
-6417
-6942
-5731
-2427
482
3104
6070
8212
9199
9972
10449
9337
6310
3696
2171
1280
787
577
445
418
415
375
330
289
250
187
161
174
164
134
105
96
124
146
151
128
81
53
79
89
131
137
137
147
179
182
230
281
326
328
278
187
-113
-957
-2046
-4242
-6968
-9861
-12372
-13440
-13711
-13709
-13019
-11985
-9849
-7042
-4081
-1591
-387
111
518
763
945
1145
1238
1598
1984
2186
2256
2375
2498
2435
2204
2009
1637
1416
1288
1247
1011
840
947
1162
1061
1043
1116
1200
1032
818
626
612
845
1145
988
575
374
592
911
1060
904
467
139
-1
-244
-844
-1895
-2450
-2643
-3316
-3206
-978
2145
4806
6642
8042
8771
9123
9906
9931
7849
5006
2817
1591
1075
816
648
567
496
532
505
440
379
346
351
358
301
274
185
193
249
259
226
181
127
120
102
82
25
-42
-64
-73
-36
8
60
70
63
63
78
81
109
95
35
-21
-66
-92
-147
-229
-521
-1190
-2737
-4783
-6971
-9389
-11397
-12569
-13231
-13385
-12705
-10819
-8590
-6375
-3965
-1825
-429
424
1114
1444
1401
1485
1708
2119
2247
2324
2588
2554
2124
1643
1471
1458
1234
1042
742
398
385
649
961
944
794
815
936
1047
951
693
554
571
559
407
310
322
361
400
341
252
190
383
612
589
316
341
507
657
468
-235
-1575
-2708
-3109
-2797
-2935
-2925
-1562
1135
4100
6863
8928
9857
9984
10235
10226
8922
6535
4246
2643
1609
1073
773
584
457
388
331
275
235
180
177
202
203
233
214
201
209
212
264
225
165
112
55
33
36
23
28
1
24
62
89
102
132
105
103
97
81
62
32
0
-10
-34
-27
-22
-27
-67
-272
-584
-1159
-2737
-6210
-9776
-12097
-13204
-13106
-12207
-11423
-10564
-8866
-5438
-1646
1045
2410
2664
2482
2400
2369
2481
2754
2538
2165
2110
1933
1358
1081
1087
997
729
546
712
736
672
509
104
-125
-137
20
311
150
10
-31
313
820
913
712
507
259
155
-42
-107
-146
-230
-280
-216
-127
183
366
409
381
299
324
388
395
290
116
118
210
143
-252
-1109
-2259
-3246
-3585
-3596
-3811
-3655
-1822
1310
4434
7097
9029
9948
10195
10516
10494
8914
6246
3853
2260
1375
924
710
571
427
345
305
278
194
78
24
6
-19
9
-9
-21
-4
58
120
151
123
77
43
47
24
-24
-47
-25
-22
2
3
-1
-25
-10
46
47
47
69
85
98
93
105
115
91
70
55
24
-8
-20
-20
6
1
-7
27
34
58
70
81
86
54
49
4